<?xml version="1.0" encoding="UTF-8" standalone="no"?>
<!DOCTYPE log SYSTEM "logger.dtd">
<log>
<record>
  <date>2025-05-20T13:55:08.028646Z</date>
  <millis>1747749308028</millis>
  <nanos>646000</nanos>
  <sequence>480</sequence>
  <logger>java.awt.focus.DefaultKeyboardFocusManager</logger>
  <level>FINE</level>
  <class>java.awt.DefaultKeyboardFocusManager</class>
  <method>dispatchEvent</method>
  <thread>24</thread>
  <message>java.awt.event.WindowEvent[WINDOW_CLOSING,opposite=null,oldState=0,newState=0] on frame0</message>
</record>
<record>
  <date>2025-05-20T13:55:08.029846Z</date>
  <millis>1747749308029</millis>
  <nanos>846000</nanos>
  <sequence>481</sequence>
  <logger>java.awt.mixing.Container</logger>
  <level>FINE</level>
  <class>java.awt.Container</class>
  <method>mixOnHiding</method>
  <thread>24</thread>
  <message>this = javax.swing.JPanel[null.contentPane,0,0,137x65,invalid,layout=javax.swing.JRootPane$1,alignmentX=0.0,alignmentY=0.0,border=,flags=9,maximumSize=,minimumSize=,preferredSize=]; isLightweight=true</message>
</record>
<record>
  <date>2025-05-20T13:55:08.030171Z</date>
  <millis>1747749308030</millis>
  <nanos>171000</nanos>
  <sequence>482</sequence>
  <logger>java.awt.mixing.Component</logger>
  <level>FINE</level>
  <class>java.awt.Component</class>
  <method>mixOnHiding</method>
  <thread>24</thread>
  <message>this = javax.swing.JPanel[null.contentPane,0,0,137x65,invalid,layout=javax.swing.JRootPane$1,alignmentX=0.0,alignmentY=0.0,border=,flags=9,maximumSize=,minimumSize=,preferredSize=]; isLightweight = true</message>
</record>
<record>
  <date>2025-05-20T13:55:08.030393Z</date>
  <millis>1747749308030</millis>
  <nanos>393000</nanos>
  <sequence>483</sequence>
  <logger>java.awt.mixing.Component</logger>
  <level>FINE</level>
  <class>java.awt.Component</class>
  <method>isMixingNeeded</method>
  <thread>24</thread>
  <message>containing window = javax.swing.Popup$HeavyWeightWindow[win0,0,22,137x65,invalid,hidden,layout=java.awt.BorderLayout,rootPaneCheckingEnabled=true]; has h/w descendants = false; has l/w descendants = true; disposing = true</message>
</record>
<record>
  <date>2025-05-20T13:55:08.030627Z</date>
  <millis>1747749308030</millis>
  <nanos>627000</nanos>
  <sequence>484</sequence>
  <logger>java.awt.mixing.Container</logger>
  <level>FINE</level>
  <class>java.awt.Container</class>
  <method>mixOnHiding</method>
  <thread>24</thread>
  <message>this = javax.swing.JLayeredPane[null.layeredPane,0,0,137x65,invalid,alignmentX=0.0,alignmentY=0.0,border=,flags=0,maximumSize=,minimumSize=,preferredSize=,optimizedDrawingPossible=true]; isLightweight=true</message>
</record>
<record>
  <date>2025-05-20T13:55:08.030811Z</date>
  <millis>1747749308030</millis>
  <nanos>811000</nanos>
  <sequence>485</sequence>
  <logger>java.awt.mixing.Component</logger>
  <level>FINE</level>
  <class>java.awt.Component</class>
  <method>mixOnHiding</method>
  <thread>24</thread>
  <message>this = javax.swing.JLayeredPane[null.layeredPane,0,0,137x65,invalid,alignmentX=0.0,alignmentY=0.0,border=,flags=0,maximumSize=,minimumSize=,preferredSize=,optimizedDrawingPossible=true]; isLightweight = true</message>
</record>
<record>
  <date>2025-05-20T13:55:08.030987Z</date>
  <millis>1747749308030</millis>
  <nanos>987000</nanos>
  <sequence>486</sequence>
  <logger>java.awt.mixing.Component</logger>
  <level>FINE</level>
  <class>java.awt.Component</class>
  <method>isMixingNeeded</method>
  <thread>24</thread>
  <message>this = javax.swing.JLayeredPane[null.layeredPane,0,0,137x65,invalid,alignmentX=0.0,alignmentY=0.0,border=,flags=0,maximumSize=,minimumSize=,preferredSize=,optimizedDrawingPossible=true]; areBoundsValid = false</message>
</record>
<record>
  <date>2025-05-20T13:55:08.031189Z</date>
  <millis>1747749308031</millis>
  <nanos>189000</nanos>
  <sequence>487</sequence>
  <logger>java.awt.mixing.Container</logger>
  <level>FINE</level>
  <class>java.awt.Container</class>
  <method>mixOnHiding</method>
  <thread>24</thread>
  <message>this = javax.swing.JPanel[null.glassPane,0,0,137x65,invalid,hidden,layout=java.awt.FlowLayout,alignmentX=0.0,alignmentY=0.0,border=,flags=16777217,maximumSize=,minimumSize=,preferredSize=]; isLightweight=true</message>
</record>
<record>
  <date>2025-05-20T13:55:08.031406Z</date>
  <millis>1747749308031</millis>
  <nanos>406000</nanos>
  <sequence>488</sequence>
  <logger>java.awt.mixing.Component</logger>
  <level>FINE</level>
  <class>java.awt.Component</class>
  <method>mixOnHiding</method>
  <thread>24</thread>
  <message>this = javax.swing.JPanel[null.glassPane,0,0,137x65,invalid,hidden,layout=java.awt.FlowLayout,alignmentX=0.0,alignmentY=0.0,border=,flags=16777217,maximumSize=,minimumSize=,preferredSize=]; isLightweight = true</message>
</record>
<record>
  <date>2025-05-20T13:55:08.032004Z</date>
  <millis>1747749308032</millis>
  <nanos>4000</nanos>
  <sequence>489</sequence>
  <logger>java.awt.mixing.Component</logger>
  <level>FINE</level>
  <class>java.awt.Component</class>
  <method>isMixingNeeded</method>
  <thread>24</thread>
  <message>this = javax.swing.JPanel[null.glassPane,0,0,137x65,invalid,hidden,layout=java.awt.FlowLayout,alignmentX=0.0,alignmentY=0.0,border=,flags=16777217,maximumSize=,minimumSize=,preferredSize=]; areBoundsValid = false</message>
</record>
<record>
  <date>2025-05-20T13:55:08.032348Z</date>
  <millis>1747749308032</millis>
  <nanos>348000</nanos>
  <sequence>490</sequence>
  <logger>java.awt.mixing.Container</logger>
  <level>FINE</level>
  <class>java.awt.Container</class>
  <method>mixOnHiding</method>
  <thread>24</thread>
  <message>this = javax.swing.JRootPane[,0,0,137x65,invalid,layout=javax.swing.JRootPane$RootLayout,alignmentX=0.0,alignmentY=0.0,border=,flags=16777673,maximumSize=,minimumSize=,preferredSize=]; isLightweight=true</message>
</record>
<record>
  <date>2025-05-20T13:55:08.032580Z</date>
  <millis>1747749308032</millis>
  <nanos>580000</nanos>
  <sequence>491</sequence>
  <logger>java.awt.mixing.Component</logger>
  <level>FINE</level>
  <class>java.awt.Component</class>
  <method>mixOnHiding</method>
  <thread>24</thread>
  <message>this = javax.swing.JRootPane[,0,0,137x65,invalid,layout=javax.swing.JRootPane$RootLayout,alignmentX=0.0,alignmentY=0.0,border=,flags=16777673,maximumSize=,minimumSize=,preferredSize=]; isLightweight = true</message>
</record>
<record>
  <date>2025-05-20T13:55:08.032762Z</date>
  <millis>1747749308032</millis>
  <nanos>762000</nanos>
  <sequence>492</sequence>
  <logger>java.awt.mixing.Component</logger>
  <level>FINE</level>
  <class>java.awt.Component</class>
  <method>isMixingNeeded</method>
  <thread>24</thread>
  <message>this = javax.swing.JRootPane[,0,0,137x65,invalid,layout=javax.swing.JRootPane$RootLayout,alignmentX=0.0,alignmentY=0.0,border=,flags=16777673,maximumSize=,minimumSize=,preferredSize=]; areBoundsValid = false</message>
</record>
<record>
  <date>2025-05-20T13:55:08.036147Z</date>
  <millis>1747749308036</millis>
  <nanos>147000</nanos>
  <sequence>493</sequence>
  <logger>java.awt.mixing.Container</logger>
  <level>FINE</level>
  <class>java.awt.Container</class>
  <method>mixOnHiding</method>
  <thread>24</thread>
  <message>this = javax.swing.Popup$HeavyWeightWindow[win0,0,22,137x65,invalid,hidden,layout=java.awt.BorderLayout,rootPaneCheckingEnabled=true]; isLightweight=false</message>
</record>
<record>
  <date>2025-05-20T13:55:08.036451Z</date>
  <millis>1747749308036</millis>
  <nanos>451000</nanos>
  <sequence>494</sequence>
  <logger>java.awt.mixing.Component</logger>
  <level>FINE</level>
  <class>java.awt.Component</class>
  <method>mixOnHiding</method>
  <thread>24</thread>
  <message>this = javax.swing.Popup$HeavyWeightWindow[win0,0,22,137x65,invalid,hidden,layout=java.awt.BorderLayout,rootPaneCheckingEnabled=true]; isLightweight = false</message>
</record>
<record>
  <date>2025-05-20T13:55:08.036695Z</date>
  <millis>1747749308036</millis>
  <nanos>695000</nanos>
  <sequence>495</sequence>
  <logger>java.awt.mixing.Component</logger>
  <level>FINE</level>
  <class>java.awt.Component</class>
  <method>isMixingNeeded</method>
  <thread>24</thread>
  <message>containing window = javax.swing.Popup$HeavyWeightWindow[win0,0,22,137x65,invalid,hidden,layout=java.awt.BorderLayout,rootPaneCheckingEnabled=true]; has h/w descendants = false; has l/w descendants = false; disposing = true</message>
</record>
<record>
  <date>2025-05-20T13:55:08.037285Z</date>
  <millis>1747749308037</millis>
  <nanos>285000</nanos>
  <sequence>496</sequence>
  <logger>java.awt.mixing.Container</logger>
  <level>FINE</level>
  <class>java.awt.Container</class>
  <method>mixOnHiding</method>
  <thread>24</thread>
  <message>this = fr.tp.inf112.projects.canvas.view.CanvasViewer[frame0,0,0,1440x900,invalid,hidden,layout=java.awt.BorderLayout,title=Viewing Robot factory,resizable,normal,defaultCloseOperation=HIDE_ON_CLOSE,rootPane=javax.swing.JRootPane[,0,0,1440x900,layout=javax.swing.JRootPane$RootLayout,alignmentX=0.0,alignmentY=0.0,border=,flags=16777673,maximumSize=,minimumSize=,preferredSize=],rootPaneCheckingEnabled=true]; isLightweight=false</message>
</record>
<record>
  <date>2025-05-20T13:55:08.037766Z</date>
  <millis>1747749308037</millis>
  <nanos>766000</nanos>
  <sequence>497</sequence>
  <logger>java.awt.mixing.Component</logger>
  <level>FINE</level>
  <class>java.awt.Component</class>
  <method>mixOnHiding</method>
  <thread>24</thread>
  <message>this = fr.tp.inf112.projects.canvas.view.CanvasViewer[frame0,0,0,1440x900,invalid,hidden,layout=java.awt.BorderLayout,title=Viewing Robot factory,resizable,normal,defaultCloseOperation=HIDE_ON_CLOSE,rootPane=javax.swing.JRootPane[,0,0,1440x900,layout=javax.swing.JRootPane$RootLayout,alignmentX=0.0,alignmentY=0.0,border=,flags=16777673,maximumSize=,minimumSize=,preferredSize=],rootPaneCheckingEnabled=true]; isLightweight = false</message>
</record>
<record>
  <date>2025-05-20T13:55:08.038096Z</date>
  <millis>1747749308038</millis>
  <nanos>96000</nanos>
  <sequence>498</sequence>
  <logger>java.awt.mixing.Component</logger>
  <level>FINE</level>
  <class>java.awt.Component</class>
  <method>isMixingNeeded</method>
  <thread>24</thread>
  <message>containing window = fr.tp.inf112.projects.canvas.view.CanvasViewer[frame0,0,0,1440x900,invalid,hidden,layout=java.awt.BorderLayout,title=Viewing Robot factory,resizable,normal,defaultCloseOperation=HIDE_ON_CLOSE,rootPane=javax.swing.JRootPane[,0,0,1440x900,layout=javax.swing.JRootPane$RootLayout,alignmentX=0.0,alignmentY=0.0,border=,flags=16777673,maximumSize=,minimumSize=,preferredSize=],rootPaneCheckingEnabled=true]; has h/w descendants = false; has l/w descendants = true; disposing = true</message>
</record>
<record>
  <date>2025-05-20T13:55:08.039040Z</date>
  <millis>1747749308039</millis>
  <nanos>40000</nanos>
  <sequence>499</sequence>
  <logger>sun.awt.focus.KeyboardFocusManagerPeerImpl</logger>
  <level>FINE</level>
  <class>sun.awt.KeyboardFocusManagerPeerImpl</class>
  <method>clearGlobalFocusOwner</method>
  <thread>24</thread>
  <message>Clearing global focus owner fr.tp.inf112.projects.canvas.view.CanvasViewer[frame0,0,0,1440x900,invalid,hidden,layout=java.awt.BorderLayout,title=Viewing Robot factory,resizable,normal,defaultCloseOperation=HIDE_ON_CLOSE,rootPane=javax.swing.JRootPane[,0,0,1440x900,layout=javax.swing.JRootPane$RootLayout,alignmentX=0.0,alignmentY=0.0,border=,flags=16777673,maximumSize=,minimumSize=,preferredSize=],rootPaneCheckingEnabled=true]</message>
</record>
<record>
  <date>2025-05-20T13:55:08.040196Z</date>
  <millis>1747749308040</millis>
  <nanos>196000</nanos>
  <sequence>500</sequence>
  <logger>java.awt.mixing.Container</logger>
  <level>FINE</level>
  <class>java.awt.Container</class>
  <method>mixOnHiding</method>
  <thread>24</thread>
  <message>this = fr.tp.inf112.projects.canvas.view.CanvasPanel[,0,22,1440x878,invalid,layout=java.awt.FlowLayout,alignmentX=0.0,alignmentY=0.0,border=,flags=9,maximumSize=,minimumSize=,preferredSize=]; isLightweight=true</message>
</record>
<record>
  <date>2025-05-20T13:55:08.040510Z</date>
  <millis>1747749308040</millis>
  <nanos>510000</nanos>
  <sequence>501</sequence>
  <logger>java.awt.mixing.Component</logger>
  <level>FINE</level>
  <class>java.awt.Component</class>
  <method>mixOnHiding</method>
  <thread>24</thread>
  <message>this = fr.tp.inf112.projects.canvas.view.CanvasPanel[,0,22,1440x878,invalid,layout=java.awt.FlowLayout,alignmentX=0.0,alignmentY=0.0,border=,flags=9,maximumSize=,minimumSize=,preferredSize=]; isLightweight = true</message>
</record>
<record>
  <date>2025-05-20T13:55:08.040869Z</date>
  <millis>1747749308040</millis>
  <nanos>869000</nanos>
  <sequence>502</sequence>
  <logger>java.awt.mixing.Component</logger>
  <level>FINE</level>
  <class>java.awt.Component</class>
  <method>isMixingNeeded</method>
  <thread>24</thread>
  <message>containing window = fr.tp.inf112.projects.canvas.view.CanvasViewer[frame0,0,0,1440x900,invalid,hidden,layout=java.awt.BorderLayout,title=Viewing Robot factory,resizable,normal,defaultCloseOperation=HIDE_ON_CLOSE,rootPane=javax.swing.JRootPane[,0,0,1440x900,layout=javax.swing.JRootPane$RootLayout,alignmentX=0.0,alignmentY=0.0,border=,flags=16777673,maximumSize=,minimumSize=,preferredSize=],rootPaneCheckingEnabled=true]; has h/w descendants = false; has l/w descendants = true; disposing = true</message>
</record>
<record>
  <date>2025-05-20T13:55:08.042495Z</date>
  <millis>1747749308042</millis>
  <nanos>495000</nanos>
  <sequence>503</sequence>
  <logger>java.awt.mixing.Container</logger>
  <level>FINE</level>
  <class>java.awt.Container</class>
  <method>mixOnHiding</method>
  <thread>24</thread>
  <message>this = fr.tp.inf112.projects.canvas.view.AnimateMenu[,42,0,89x21,invalid,alignmentX=0.0,alignmentY=0.0,border=com.apple.laf.AquaMenuBorder@18eed359,flags=264,maximumSize=,minimumSize=,preferredSize=,defaultIcon=,disabledIcon=,disabledSelectedIcon=,margin=javax.swing.plaf.InsetsUIResource[top=0,left=0,bottom=0,right=0],paintBorder=false,paintFocus=false,pressedIcon=,rolloverEnabled=false,rolloverIcon=,rolloverSelectedIcon=,selectedIcon=,text=Animation]; isLightweight=true</message>
</record>
<record>
  <date>2025-05-20T13:55:08.043284Z</date>
  <millis>1747749308043</millis>
  <nanos>284000</nanos>
  <sequence>504</sequence>
  <logger>java.awt.mixing.Component</logger>
  <level>FINE</level>
  <class>java.awt.Component</class>
  <method>mixOnHiding</method>
  <thread>24</thread>
  <message>this = fr.tp.inf112.projects.canvas.view.AnimateMenu[,42,0,89x21,invalid,alignmentX=0.0,alignmentY=0.0,border=com.apple.laf.AquaMenuBorder@18eed359,flags=264,maximumSize=,minimumSize=,preferredSize=,defaultIcon=,disabledIcon=,disabledSelectedIcon=,margin=javax.swing.plaf.InsetsUIResource[top=0,left=0,bottom=0,right=0],paintBorder=false,paintFocus=false,pressedIcon=,rolloverEnabled=false,rolloverIcon=,rolloverSelectedIcon=,selectedIcon=,text=Animation]; isLightweight = true</message>
</record>
<record>
  <date>2025-05-20T13:55:08.043626Z</date>
  <millis>1747749308043</millis>
  <nanos>626000</nanos>
  <sequence>505</sequence>
  <logger>java.awt.mixing.Component</logger>
  <level>FINE</level>
  <class>java.awt.Component</class>
  <method>isMixingNeeded</method>
  <thread>24</thread>
  <message>containing window = fr.tp.inf112.projects.canvas.view.CanvasViewer[frame0,0,0,1440x900,invalid,hidden,layout=java.awt.BorderLayout,title=Viewing Robot factory,resizable,normal,defaultCloseOperation=HIDE_ON_CLOSE,rootPane=javax.swing.JRootPane[,0,0,1440x900,layout=javax.swing.JRootPane$RootLayout,alignmentX=0.0,alignmentY=0.0,border=,flags=16777673,maximumSize=,minimumSize=,preferredSize=],rootPaneCheckingEnabled=true]; has h/w descendants = false; has l/w descendants = true; disposing = true</message>
</record>
<record>
  <date>2025-05-20T13:55:08.044021Z</date>
  <millis>1747749308044</millis>
  <nanos>21000</nanos>
  <sequence>506</sequence>
  <logger>java.awt.mixing.Container</logger>
  <level>FINE</level>
  <class>java.awt.Container</class>
  <method>mixOnHiding</method>
  <thread>24</thread>
  <message>this = fr.tp.inf112.projects.canvas.view.FileMenu[,0,0,42x21,invalid,alignmentX=0.0,alignmentY=0.0,border=com.apple.laf.AquaMenuBorder@18eed359,flags=264,maximumSize=,minimumSize=,preferredSize=,defaultIcon=,disabledIcon=,disabledSelectedIcon=,margin=javax.swing.plaf.InsetsUIResource[top=0,left=0,bottom=0,right=0],paintBorder=false,paintFocus=false,pressedIcon=,rolloverEnabled=false,rolloverIcon=,rolloverSelectedIcon=,selectedIcon=,text=File]; isLightweight=true</message>
</record>
<record>
  <date>2025-05-20T13:55:08.044369Z</date>
  <millis>1747749308044</millis>
  <nanos>369000</nanos>
  <sequence>507</sequence>
  <logger>java.awt.mixing.Component</logger>
  <level>FINE</level>
  <class>java.awt.Component</class>
  <method>mixOnHiding</method>
  <thread>24</thread>
  <message>this = fr.tp.inf112.projects.canvas.view.FileMenu[,0,0,42x21,invalid,alignmentX=0.0,alignmentY=0.0,border=com.apple.laf.AquaMenuBorder@18eed359,flags=264,maximumSize=,minimumSize=,preferredSize=,defaultIcon=,disabledIcon=,disabledSelectedIcon=,margin=javax.swing.plaf.InsetsUIResource[top=0,left=0,bottom=0,right=0],paintBorder=false,paintFocus=false,pressedIcon=,rolloverEnabled=false,rolloverIcon=,rolloverSelectedIcon=,selectedIcon=,text=File]; isLightweight = true</message>
</record>
<record>
  <date>2025-05-20T13:55:08.045143Z</date>
  <millis>1747749308045</millis>
  <nanos>143000</nanos>
  <sequence>508</sequence>
  <logger>sun.lwawt.focus.LWWindowPeer</logger>
  <level>FINE</level>
  <class>sun.lwawt.LWWindowPeer</class>
  <method>changeFocusedWindow</method>
  <thread>20</thread>
  <message>losing focus window: sun.lwawt.LWWindowPeer@5ec0a365 [target is fr.tp.inf112.projects.canvas.view.CanvasViewer[frame0,0,0,1440x900,invalid,hidden,layout=java.awt.BorderLayout,title=Viewing Robot factory,resizable,normal,defaultCloseOperation=HIDE_ON_CLOSE,rootPane=javax.swing.JRootPane[,0,0,1440x900,layout=javax.swing.JRootPane$RootLayout,alignmentX=0.0,alignmentY=0.0,border=,flags=16777673,maximumSize=,minimumSize=,preferredSize=],rootPaneCheckingEnabled=true]]</message>
</record>
<record>
  <date>2025-05-20T13:55:08.045150Z</date>
  <millis>1747749308045</millis>
  <nanos>150000</nanos>
  <sequence>509</sequence>
  <logger>java.awt.mixing.Component</logger>
  <level>FINE</level>
  <class>java.awt.Component</class>
  <method>isMixingNeeded</method>
  <thread>24</thread>
  <message>containing window = fr.tp.inf112.projects.canvas.view.CanvasViewer[frame0,0,0,1440x900,invalid,hidden,layout=java.awt.BorderLayout,title=Viewing Robot factory,resizable,normal,defaultCloseOperation=HIDE_ON_CLOSE,rootPane=javax.swing.JRootPane[,0,0,1440x900,layout=javax.swing.JRootPane$RootLayout,alignmentX=0.0,alignmentY=0.0,border=,flags=16777673,maximumSize=,minimumSize=,preferredSize=],rootPaneCheckingEnabled=true]; has h/w descendants = false; has l/w descendants = true; disposing = true</message>
</record>
<record>
  <date>2025-05-20T13:55:08.045759Z</date>
  <millis>1747749308045</millis>
  <nanos>759000</nanos>
  <sequence>510</sequence>
  <logger>java.awt.mixing.Container</logger>
  <level>FINE</level>
  <class>java.awt.Container</class>
  <method>mixOnHiding</method>
  <thread>24</thread>
  <message>this = fr.tp.inf112.projects.canvas.view.CanvasViewerMenuBar[,0,0,1440x22,invalid,layout=javax.swing.plaf.basic.DefaultMenuLayout,alignmentX=0.0,alignmentY=0.0,border=com.apple.laf.AquaMenuBarBorder@520a3426,flags=392,maximumSize=,minimumSize=,preferredSize=,margin=,paintBorder=true]; isLightweight=true</message>
</record>
<record>
  <date>2025-05-20T13:55:08.046056Z</date>
  <millis>1747749308046</millis>
  <nanos>56000</nanos>
  <sequence>511</sequence>
  <logger>java.awt.mixing.Component</logger>
  <level>FINE</level>
  <class>java.awt.Component</class>
  <method>mixOnHiding</method>
  <thread>24</thread>
  <message>this = fr.tp.inf112.projects.canvas.view.CanvasViewerMenuBar[,0,0,1440x22,invalid,layout=javax.swing.plaf.basic.DefaultMenuLayout,alignmentX=0.0,alignmentY=0.0,border=com.apple.laf.AquaMenuBarBorder@520a3426,flags=392,maximumSize=,minimumSize=,preferredSize=,margin=,paintBorder=true]; isLightweight = true</message>
</record>
<record>
  <date>2025-05-20T13:55:08.046977Z</date>
  <millis>1747749308046</millis>
  <nanos>977000</nanos>
  <sequence>512</sequence>
  <logger>java.awt.mixing.Component</logger>
  <level>FINE</level>
  <class>java.awt.Component</class>
  <method>isMixingNeeded</method>
  <thread>24</thread>
  <message>containing window = fr.tp.inf112.projects.canvas.view.CanvasViewer[frame0,0,0,1440x900,invalid,hidden,layout=java.awt.BorderLayout,title=Viewing Robot factory,resizable,normal,defaultCloseOperation=HIDE_ON_CLOSE,rootPane=javax.swing.JRootPane[,0,0,1440x900,layout=javax.swing.JRootPane$RootLayout,alignmentX=0.0,alignmentY=0.0,border=,flags=16777673,maximumSize=,minimumSize=,preferredSize=],rootPaneCheckingEnabled=true]; has h/w descendants = false; has l/w descendants = true; disposing = true</message>
</record>
<record>
  <date>2025-05-20T13:55:08.047309Z</date>
  <millis>1747749308047</millis>
  <nanos>309000</nanos>
  <sequence>513</sequence>
  <logger>java.awt.mixing.Container</logger>
  <level>FINE</level>
  <class>java.awt.Container</class>
  <method>mixOnHiding</method>
  <thread>24</thread>
  <message>this = javax.swing.JLayeredPane[null.layeredPane,0,0,1440x900,invalid,alignmentX=0.0,alignmentY=0.0,border=,flags=0,maximumSize=,minimumSize=,preferredSize=,optimizedDrawingPossible=true]; isLightweight=true</message>
</record>
<record>
  <date>2025-05-20T13:55:08.047537Z</date>
  <millis>1747749308047</millis>
  <nanos>537000</nanos>
  <sequence>514</sequence>
  <logger>java.awt.mixing.Component</logger>
  <level>FINE</level>
  <class>java.awt.Component</class>
  <method>mixOnHiding</method>
  <thread>24</thread>
  <message>this = javax.swing.JLayeredPane[null.layeredPane,0,0,1440x900,invalid,alignmentX=0.0,alignmentY=0.0,border=,flags=0,maximumSize=,minimumSize=,preferredSize=,optimizedDrawingPossible=true]; isLightweight = true</message>
</record>
<record>
  <date>2025-05-20T13:55:08.047692Z</date>
  <millis>1747749308047</millis>
  <nanos>692000</nanos>
  <sequence>515</sequence>
  <logger>java.awt.mixing.Component</logger>
  <level>FINE</level>
  <class>java.awt.Component</class>
  <method>isMixingNeeded</method>
  <thread>24</thread>
  <message>containing window = fr.tp.inf112.projects.canvas.view.CanvasViewer[frame0,0,0,1440x900,invalid,hidden,layout=java.awt.BorderLayout,title=Viewing Robot factory,resizable,normal,defaultCloseOperation=HIDE_ON_CLOSE,rootPane=javax.swing.JRootPane[,0,0,1440x900,layout=javax.swing.JRootPane$RootLayout,alignmentX=0.0,alignmentY=0.0,border=,flags=16777673,maximumSize=,minimumSize=,preferredSize=],rootPaneCheckingEnabled=true]; has h/w descendants = false; has l/w descendants = true; disposing = true</message>
</record>
<record>
  <date>2025-05-20T13:55:08.047858Z</date>
  <millis>1747749308047</millis>
  <nanos>858000</nanos>
  <sequence>516</sequence>
  <logger>java.awt.mixing.Container</logger>
  <level>FINE</level>
  <class>java.awt.Container</class>
  <method>mixOnHiding</method>
  <thread>24</thread>
  <message>this = javax.swing.JPanel[null.glassPane,0,0,1440x900,invalid,hidden,layout=java.awt.FlowLayout,alignmentX=0.0,alignmentY=0.0,border=,flags=16777217,maximumSize=,minimumSize=,preferredSize=]; isLightweight=true</message>
</record>
<record>
  <date>2025-05-20T13:55:08.048047Z</date>
  <millis>1747749308048</millis>
  <nanos>47000</nanos>
  <sequence>517</sequence>
  <logger>java.awt.mixing.Component</logger>
  <level>FINE</level>
  <class>java.awt.Component</class>
  <method>mixOnHiding</method>
  <thread>24</thread>
  <message>this = javax.swing.JPanel[null.glassPane,0,0,1440x900,invalid,hidden,layout=java.awt.FlowLayout,alignmentX=0.0,alignmentY=0.0,border=,flags=16777217,maximumSize=,minimumSize=,preferredSize=]; isLightweight = true</message>
</record>
<record>
  <date>2025-05-20T13:55:08.048238Z</date>
  <millis>1747749308048</millis>
  <nanos>238000</nanos>
  <sequence>518</sequence>
  <logger>java.awt.mixing.Component</logger>
  <level>FINE</level>
  <class>java.awt.Component</class>
  <method>isMixingNeeded</method>
  <thread>24</thread>
  <message>containing window = fr.tp.inf112.projects.canvas.view.CanvasViewer[frame0,0,0,1440x900,invalid,hidden,layout=java.awt.BorderLayout,title=Viewing Robot factory,resizable,normal,defaultCloseOperation=HIDE_ON_CLOSE,rootPane=javax.swing.JRootPane[,0,0,1440x900,layout=javax.swing.JRootPane$RootLayout,alignmentX=0.0,alignmentY=0.0,border=,flags=16777673,maximumSize=,minimumSize=,preferredSize=],rootPaneCheckingEnabled=true]; has h/w descendants = false; has l/w descendants = true; disposing = true</message>
</record>
<record>
  <date>2025-05-20T13:55:08.048430Z</date>
  <millis>1747749308048</millis>
  <nanos>430000</nanos>
  <sequence>519</sequence>
  <logger>java.awt.mixing.Container</logger>
  <level>FINE</level>
  <class>java.awt.Container</class>
  <method>mixOnHiding</method>
  <thread>24</thread>
  <message>this = javax.swing.JRootPane[,0,0,1440x900,invalid,layout=javax.swing.JRootPane$RootLayout,alignmentX=0.0,alignmentY=0.0,border=,flags=16777673,maximumSize=,minimumSize=,preferredSize=]; isLightweight=true</message>
</record>
<record>
  <date>2025-05-20T13:55:08.048538Z</date>
  <millis>1747749308048</millis>
  <nanos>538000</nanos>
  <sequence>520</sequence>
  <logger>java.awt.mixing.Component</logger>
  <level>FINE</level>
  <class>java.awt.Component</class>
  <method>mixOnHiding</method>
  <thread>24</thread>
  <message>this = javax.swing.JRootPane[,0,0,1440x900,invalid,layout=javax.swing.JRootPane$RootLayout,alignmentX=0.0,alignmentY=0.0,border=,flags=16777673,maximumSize=,minimumSize=,preferredSize=]; isLightweight = true</message>
</record>
<record>
  <date>2025-05-20T13:55:08.048628Z</date>
  <millis>1747749308048</millis>
  <nanos>628000</nanos>
  <sequence>521</sequence>
  <logger>java.awt.mixing.Component</logger>
  <level>FINE</level>
  <class>java.awt.Component</class>
  <method>isMixingNeeded</method>
  <thread>24</thread>
  <message>this = javax.swing.JRootPane[,0,0,1440x900,invalid,layout=javax.swing.JRootPane$RootLayout,alignmentX=0.0,alignmentY=0.0,border=,flags=16777673,maximumSize=,minimumSize=,preferredSize=]; areBoundsValid = false</message>
</record>
<record>
  <date>2025-05-20T13:55:08.049542Z</date>
  <millis>1747749308049</millis>
  <nanos>542000</nanos>
  <sequence>522</sequence>
  <logger>java.awt.mixing.Container</logger>
  <level>FINE</level>
  <class>java.awt.Container</class>
  <method>mixOnHiding</method>
  <thread>24</thread>
  <message>this = fr.tp.inf112.projects.canvas.view.CanvasViewer[frame0,0,0,1440x900,invalid,hidden,layout=java.awt.BorderLayout,title=Viewing Robot factory,resizable,normal,defaultCloseOperation=HIDE_ON_CLOSE,rootPane=javax.swing.JRootPane[,0,0,1440x900,invalid,layout=javax.swing.JRootPane$RootLayout,alignmentX=0.0,alignmentY=0.0,border=,flags=16777673,maximumSize=,minimumSize=,preferredSize=],rootPaneCheckingEnabled=true]; isLightweight=false</message>
</record>
<record>
  <date>2025-05-20T13:55:08.049869Z</date>
  <millis>1747749308049</millis>
  <nanos>869000</nanos>
  <sequence>523</sequence>
  <logger>java.awt.mixing.Component</logger>
  <level>FINE</level>
  <class>java.awt.Component</class>
  <method>mixOnHiding</method>
  <thread>24</thread>
  <message>this = fr.tp.inf112.projects.canvas.view.CanvasViewer[frame0,0,0,1440x900,invalid,hidden,layout=java.awt.BorderLayout,title=Viewing Robot factory,resizable,normal,defaultCloseOperation=HIDE_ON_CLOSE,rootPane=javax.swing.JRootPane[,0,0,1440x900,invalid,layout=javax.swing.JRootPane$RootLayout,alignmentX=0.0,alignmentY=0.0,border=,flags=16777673,maximumSize=,minimumSize=,preferredSize=],rootPaneCheckingEnabled=true]; isLightweight = false</message>
</record>
<record>
  <date>2025-05-20T13:55:08.050090Z</date>
  <millis>1747749308050</millis>
  <nanos>90000</nanos>
  <sequence>524</sequence>
  <logger>java.awt.mixing.Component</logger>
  <level>FINE</level>
  <class>java.awt.Component</class>
  <method>isMixingNeeded</method>
  <thread>24</thread>
  <message>containing window = fr.tp.inf112.projects.canvas.view.CanvasViewer[frame0,0,0,1440x900,invalid,hidden,layout=java.awt.BorderLayout,title=Viewing Robot factory,resizable,normal,defaultCloseOperation=HIDE_ON_CLOSE,rootPane=javax.swing.JRootPane[,0,0,1440x900,invalid,layout=javax.swing.JRootPane$RootLayout,alignmentX=0.0,alignmentY=0.0,border=,flags=16777673,maximumSize=,minimumSize=,preferredSize=],rootPaneCheckingEnabled=true]; has h/w descendants = false; has l/w descendants = false; disposing = true</message>
</record>
<record>
  <date>2025-05-20T13:55:08.051365Z</date>
  <millis>1747749308051</millis>
  <nanos>365000</nanos>
  <sequence>525</sequence>
  <logger>java.lang.Runtime</logger>
  <level>FINE</level>
  <class>java.lang.Shutdown</class>
  <method>logRuntimeExit</method>
  <thread>24</thread>
  <message>Runtime.exit() called with status: 0</message>
  <exception>
    <message>java.lang.Throwable: Runtime.exit(0)</message>
    <frame>
      <class>java.lang.Shutdown</class>
      <method>logRuntimeExit</method>
      <line>179</line>
    </frame>
    <frame>
      <class>java.lang.Shutdown</class>
      <method>exit</method>
      <line>160</line>
    </frame>
    <frame>
      <class>java.lang.Runtime</class>
      <method>exit</method>
      <line>188</line>
    </frame>
    <frame>
      <class>java.lang.System</class>
      <method>exit</method>
      <line>1920</line>
    </frame>
    <frame>
      <class>javax.swing.JFrame</class>
      <method>processWindowEvent</method>
      <line>311</line>
    </frame>
    <frame>
      <class>java.awt.Window</class>
      <method>processEvent</method>
      <line>2044</line>
    </frame>
    <frame>
      <class>java.awt.Component</class>
      <method>dispatchEventImpl</method>
      <line>4996</line>
    </frame>
    <frame>
      <class>java.awt.Container</class>
      <method>dispatchEventImpl</method>
      <line>2324</line>
    </frame>
    <frame>
      <class>java.awt.Window</class>
      <method>dispatchEventImpl</method>
      <line>2780</line>
    </frame>
    <frame>
      <class>java.awt.Component</class>
      <method>dispatchEvent</method>
      <line>4828</line>
    </frame>
    <frame>
      <class>java.awt.EventQueue</class>
      <method>dispatchEventImpl</method>
      <line>775</line>
    </frame>
    <frame>
      <class>java.awt.EventQueue$4</class>
      <method>run</method>
      <line>720</line>
    </frame>
    <frame>
      <class>java.awt.EventQueue$4</class>
      <method>run</method>
      <line>714</line>
    </frame>
    <frame>
      <class>java.security.AccessController</class>
      <method>doPrivileged</method>
      <line>400</line>
    </frame>
    <frame>
      <class>java.security.ProtectionDomain$JavaSecurityAccessImpl</class>
      <method>doIntersectionPrivilege</method>
      <line>87</line>
    </frame>
    <frame>
      <class>java.security.ProtectionDomain$JavaSecurityAccessImpl</class>
      <method>doIntersectionPrivilege</method>
      <line>98</line>
    </frame>
    <frame>
      <class>java.awt.EventQueue$5</class>
      <method>run</method>
      <line>747</line>
    </frame>
    <frame>
      <class>java.awt.EventQueue$5</class>
      <method>run</method>
      <line>745</line>
    </frame>
    <frame>
      <class>java.security.AccessController</class>
      <method>doPrivileged</method>
      <line>400</line>
    </frame>
    <frame>
      <class>java.security.ProtectionDomain$JavaSecurityAccessImpl</class>
      <method>doIntersectionPrivilege</method>
      <line>87</line>
    </frame>
    <frame>
      <class>java.awt.EventQueue</class>
      <method>dispatchEvent</method>
      <line>744</line>
    </frame>
    <frame>
      <class>java.awt.EventDispatchThread</class>
      <method>pumpOneEventForFilters</method>
      <line>203</line>
    </frame>
    <frame>
      <class>java.awt.EventDispatchThread</class>
      <method>pumpEventsForFilter</method>
      <line>124</line>
    </frame>
    <frame>
      <class>java.awt.EventDispatchThread</class>
      <method>pumpEventsForHierarchy</method>
      <line>113</line>
    </frame>
    <frame>
      <class>java.awt.EventDispatchThread</class>
      <method>pumpEvents</method>
      <line>109</line>
    </frame>
    <frame>
      <class>java.awt.EventDispatchThread</class>
      <method>pumpEvents</method>
      <line>101</line>
    </frame>
    <frame>
      <class>java.awt.EventDispatchThread</class>
      <method>run</method>
      <line>90</line>
    </frame>
  </exception>
</record>
</log>
