<?xml version="1.0" encoding="UTF-8" standalone="no"?>
<!DOCTYPE log SYSTEM "logger.dtd">
<log>
<record>
  <date>2025-05-20T13:40:39.689859Z</date>
  <millis>1747748439689</millis>
  <nanos>859000</nanos>
  <sequence>564</sequence>
  <logger>java.awt.mixing.Component</logger>
  <level>FINE</level>
  <class>java.awt.Component</class>
  <method>isMixingNeeded</method>
  <thread>24</thread>
  <message>containing window = javax.swing.Popup$HeavyWeightWindow[win0,0,22,137x65,invalid,hidden,layout=java.awt.BorderLayout,rootPaneCheckingEnabled=true]; has h/w descendants = false; has l/w descendants = false; disposing = true</message>
</record>
<record>
  <date>2025-05-20T13:40:39.690258Z</date>
  <millis>1747748439690</millis>
  <nanos>258000</nanos>
  <sequence>565</sequence>
  <logger>java.awt.mixing.Container</logger>
  <level>FINE</level>
  <class>java.awt.Container</class>
  <method>mixOnHiding</method>
  <thread>24</thread>
  <message>this = fr.tp.inf112.projects.canvas.view.CanvasViewer[frame0,0,0,1440x900,invalid,hidden,layout=java.awt.BorderLayout,title=Viewing Robot factory,resizable,normal,defaultCloseOperation=HIDE_ON_CLOSE,rootPane=javax.swing.JRootPane[,0,0,1440x900,layout=javax.swing.JRootPane$RootLayout,alignmentX=0.0,alignmentY=0.0,border=,flags=16777673,maximumSize=,minimumSize=,preferredSize=],rootPaneCheckingEnabled=true]; isLightweight=false</message>
</record>
<record>
  <date>2025-05-20T13:40:39.690445Z</date>
  <millis>1747748439690</millis>
  <nanos>445000</nanos>
  <sequence>566</sequence>
  <logger>java.awt.mixing.Component</logger>
  <level>FINE</level>
  <class>java.awt.Component</class>
  <method>mixOnHiding</method>
  <thread>24</thread>
  <message>this = fr.tp.inf112.projects.canvas.view.CanvasViewer[frame0,0,0,1440x900,invalid,hidden,layout=java.awt.BorderLayout,title=Viewing Robot factory,resizable,normal,defaultCloseOperation=HIDE_ON_CLOSE,rootPane=javax.swing.JRootPane[,0,0,1440x900,layout=javax.swing.JRootPane$RootLayout,alignmentX=0.0,alignmentY=0.0,border=,flags=16777673,maximumSize=,minimumSize=,preferredSize=],rootPaneCheckingEnabled=true]; isLightweight = false</message>
</record>
<record>
  <date>2025-05-20T13:40:39.690674Z</date>
  <millis>1747748439690</millis>
  <nanos>674000</nanos>
  <sequence>567</sequence>
  <logger>java.awt.mixing.Component</logger>
  <level>FINE</level>
  <class>java.awt.Component</class>
  <method>isMixingNeeded</method>
  <thread>24</thread>
  <message>containing window = fr.tp.inf112.projects.canvas.view.CanvasViewer[frame0,0,0,1440x900,invalid,hidden,layout=java.awt.BorderLayout,title=Viewing Robot factory,resizable,normal,defaultCloseOperation=HIDE_ON_CLOSE,rootPane=javax.swing.JRootPane[,0,0,1440x900,layout=javax.swing.JRootPane$RootLayout,alignmentX=0.0,alignmentY=0.0,border=,flags=16777673,maximumSize=,minimumSize=,preferredSize=],rootPaneCheckingEnabled=true]; has h/w descendants = false; has l/w descendants = true; disposing = true</message>
</record>
<record>
  <date>2025-05-20T13:40:39.691399Z</date>
  <millis>1747748439691</millis>
  <nanos>399000</nanos>
  <sequence>568</sequence>
  <logger>java.awt.mixing.Container</logger>
  <level>FINE</level>
  <class>java.awt.Container</class>
  <method>mixOnHiding</method>
  <thread>24</thread>
  <message>this = fr.tp.inf112.projects.canvas.view.CanvasPanel[,0,22,1440x878,invalid,layout=java.awt.FlowLayout,alignmentX=0.0,alignmentY=0.0,border=,flags=9,maximumSize=,minimumSize=,preferredSize=]; isLightweight=true</message>
</record>
<record>
  <date>2025-05-20T13:40:39.691781Z</date>
  <millis>1747748439691</millis>
  <nanos>781000</nanos>
  <sequence>569</sequence>
  <logger>java.awt.mixing.Component</logger>
  <level>FINE</level>
  <class>java.awt.Component</class>
  <method>mixOnHiding</method>
  <thread>24</thread>
  <message>this = fr.tp.inf112.projects.canvas.view.CanvasPanel[,0,22,1440x878,invalid,layout=java.awt.FlowLayout,alignmentX=0.0,alignmentY=0.0,border=,flags=9,maximumSize=,minimumSize=,preferredSize=]; isLightweight = true</message>
</record>
<record>
  <date>2025-05-20T13:40:39.691968Z</date>
  <millis>1747748439691</millis>
  <nanos>968000</nanos>
  <sequence>570</sequence>
  <logger>java.awt.mixing.Component</logger>
  <level>FINE</level>
  <class>java.awt.Component</class>
  <method>isMixingNeeded</method>
  <thread>24</thread>
  <message>containing window = fr.tp.inf112.projects.canvas.view.CanvasViewer[frame0,0,0,1440x900,invalid,hidden,layout=java.awt.BorderLayout,title=Viewing Robot factory,resizable,normal,defaultCloseOperation=HIDE_ON_CLOSE,rootPane=javax.swing.JRootPane[,0,0,1440x900,layout=javax.swing.JRootPane$RootLayout,alignmentX=0.0,alignmentY=0.0,border=,flags=16777673,maximumSize=,minimumSize=,preferredSize=],rootPaneCheckingEnabled=true]; has h/w descendants = false; has l/w descendants = true; disposing = true</message>
</record>
<record>
  <date>2025-05-20T13:40:39.692227Z</date>
  <millis>1747748439692</millis>
  <nanos>227000</nanos>
  <sequence>571</sequence>
  <logger>java.awt.mixing.Container</logger>
  <level>FINE</level>
  <class>java.awt.Container</class>
  <method>mixOnHiding</method>
  <thread>24</thread>
  <message>this = fr.tp.inf112.projects.canvas.view.AnimateMenu[,42,0,89x21,invalid,alignmentX=0.0,alignmentY=0.0,border=com.apple.laf.AquaMenuBorder@6c3708b3,flags=264,maximumSize=,minimumSize=,preferredSize=,defaultIcon=,disabledIcon=,disabledSelectedIcon=,margin=javax.swing.plaf.InsetsUIResource[top=0,left=0,bottom=0,right=0],paintBorder=false,paintFocus=false,pressedIcon=,rolloverEnabled=false,rolloverIcon=,rolloverSelectedIcon=,selectedIcon=,text=Animation]; isLightweight=true</message>
</record>
<record>
  <date>2025-05-20T13:40:39.692427Z</date>
  <millis>1747748439692</millis>
  <nanos>427000</nanos>
  <sequence>572</sequence>
  <logger>java.awt.mixing.Component</logger>
  <level>FINE</level>
  <class>java.awt.Component</class>
  <method>mixOnHiding</method>
  <thread>24</thread>
  <message>this = fr.tp.inf112.projects.canvas.view.AnimateMenu[,42,0,89x21,invalid,alignmentX=0.0,alignmentY=0.0,border=com.apple.laf.AquaMenuBorder@6c3708b3,flags=264,maximumSize=,minimumSize=,preferredSize=,defaultIcon=,disabledIcon=,disabledSelectedIcon=,margin=javax.swing.plaf.InsetsUIResource[top=0,left=0,bottom=0,right=0],paintBorder=false,paintFocus=false,pressedIcon=,rolloverEnabled=false,rolloverIcon=,rolloverSelectedIcon=,selectedIcon=,text=Animation]; isLightweight = true</message>
</record>
<record>
  <date>2025-05-20T13:40:39.692592Z</date>
  <millis>1747748439692</millis>
  <nanos>592000</nanos>
  <sequence>573</sequence>
  <logger>java.awt.mixing.Component</logger>
  <level>FINE</level>
  <class>java.awt.Component</class>
  <method>isMixingNeeded</method>
  <thread>24</thread>
  <message>containing window = fr.tp.inf112.projects.canvas.view.CanvasViewer[frame0,0,0,1440x900,invalid,hidden,layout=java.awt.BorderLayout,title=Viewing Robot factory,resizable,normal,defaultCloseOperation=HIDE_ON_CLOSE,rootPane=javax.swing.JRootPane[,0,0,1440x900,layout=javax.swing.JRootPane$RootLayout,alignmentX=0.0,alignmentY=0.0,border=,flags=16777673,maximumSize=,minimumSize=,preferredSize=],rootPaneCheckingEnabled=true]; has h/w descendants = false; has l/w descendants = true; disposing = true</message>
</record>
<record>
  <date>2025-05-20T13:40:39.692797Z</date>
  <millis>1747748439692</millis>
  <nanos>797000</nanos>
  <sequence>574</sequence>
  <logger>java.awt.mixing.Container</logger>
  <level>FINE</level>
  <class>java.awt.Container</class>
  <method>mixOnHiding</method>
  <thread>24</thread>
  <message>this = fr.tp.inf112.projects.canvas.view.FileMenu[,0,0,42x21,invalid,alignmentX=0.0,alignmentY=0.0,border=com.apple.laf.AquaMenuBorder@6c3708b3,flags=264,maximumSize=,minimumSize=,preferredSize=,defaultIcon=,disabledIcon=,disabledSelectedIcon=,margin=javax.swing.plaf.InsetsUIResource[top=0,left=0,bottom=0,right=0],paintBorder=false,paintFocus=false,pressedIcon=,rolloverEnabled=false,rolloverIcon=,rolloverSelectedIcon=,selectedIcon=,text=File]; isLightweight=true</message>
</record>
<record>
  <date>2025-05-20T13:40:39.692939Z</date>
  <millis>1747748439692</millis>
  <nanos>939000</nanos>
  <sequence>575</sequence>
  <logger>java.awt.mixing.Component</logger>
  <level>FINE</level>
  <class>java.awt.Component</class>
  <method>mixOnHiding</method>
  <thread>24</thread>
  <message>this = fr.tp.inf112.projects.canvas.view.FileMenu[,0,0,42x21,invalid,alignmentX=0.0,alignmentY=0.0,border=com.apple.laf.AquaMenuBorder@6c3708b3,flags=264,maximumSize=,minimumSize=,preferredSize=,defaultIcon=,disabledIcon=,disabledSelectedIcon=,margin=javax.swing.plaf.InsetsUIResource[top=0,left=0,bottom=0,right=0],paintBorder=false,paintFocus=false,pressedIcon=,rolloverEnabled=false,rolloverIcon=,rolloverSelectedIcon=,selectedIcon=,text=File]; isLightweight = true</message>
</record>
<record>
  <date>2025-05-20T13:40:39.693143Z</date>
  <millis>1747748439693</millis>
  <nanos>143000</nanos>
  <sequence>576</sequence>
  <logger>java.awt.mixing.Component</logger>
  <level>FINE</level>
  <class>java.awt.Component</class>
  <method>isMixingNeeded</method>
  <thread>24</thread>
  <message>containing window = fr.tp.inf112.projects.canvas.view.CanvasViewer[frame0,0,0,1440x900,invalid,hidden,layout=java.awt.BorderLayout,title=Viewing Robot factory,resizable,normal,defaultCloseOperation=HIDE_ON_CLOSE,rootPane=javax.swing.JRootPane[,0,0,1440x900,layout=javax.swing.JRootPane$RootLayout,alignmentX=0.0,alignmentY=0.0,border=,flags=16777673,maximumSize=,minimumSize=,preferredSize=],rootPaneCheckingEnabled=true]; has h/w descendants = false; has l/w descendants = true; disposing = true</message>
</record>
<record>
  <date>2025-05-20T13:40:39.693646Z</date>
  <millis>1747748439693</millis>
  <nanos>646000</nanos>
  <sequence>577</sequence>
  <logger>sun.lwawt.focus.LWWindowPeer</logger>
  <level>FINE</level>
  <class>sun.lwawt.LWWindowPeer</class>
  <method>changeFocusedWindow</method>
  <thread>20</thread>
  <message>losing focus window: sun.lwawt.LWWindowPeer@5383967b [target is fr.tp.inf112.projects.canvas.view.CanvasViewer[frame0,0,0,1440x900,invalid,hidden,layout=java.awt.BorderLayout,title=Viewing Robot factory,resizable,normal,defaultCloseOperation=HIDE_ON_CLOSE,rootPane=javax.swing.JRootPane[,0,0,1440x900,layout=javax.swing.JRootPane$RootLayout,alignmentX=0.0,alignmentY=0.0,border=,flags=16777673,maximumSize=,minimumSize=,preferredSize=],rootPaneCheckingEnabled=true]]</message>
</record>
<record>
  <date>2025-05-20T13:40:39.693723Z</date>
  <millis>1747748439693</millis>
  <nanos>723000</nanos>
  <sequence>578</sequence>
  <logger>java.awt.mixing.Container</logger>
  <level>FINE</level>
  <class>java.awt.Container</class>
  <method>mixOnHiding</method>
  <thread>24</thread>
  <message>this = fr.tp.inf112.projects.canvas.view.CanvasViewerMenuBar[,0,0,1440x22,invalid,layout=javax.swing.plaf.basic.DefaultMenuLayout,alignmentX=0.0,alignmentY=0.0,border=com.apple.laf.AquaMenuBarBorder@3e9b1010,flags=392,maximumSize=,minimumSize=,preferredSize=,margin=,paintBorder=true]; isLightweight=true</message>
</record>
<record>
  <date>2025-05-20T13:40:39.694244Z</date>
  <millis>1747748439694</millis>
  <nanos>244000</nanos>
  <sequence>579</sequence>
  <logger>java.awt.mixing.Component</logger>
  <level>FINE</level>
  <class>java.awt.Component</class>
  <method>mixOnHiding</method>
  <thread>24</thread>
  <message>this = fr.tp.inf112.projects.canvas.view.CanvasViewerMenuBar[,0,0,1440x22,invalid,layout=javax.swing.plaf.basic.DefaultMenuLayout,alignmentX=0.0,alignmentY=0.0,border=com.apple.laf.AquaMenuBarBorder@3e9b1010,flags=392,maximumSize=,minimumSize=,preferredSize=,margin=,paintBorder=true]; isLightweight = true</message>
</record>
<record>
  <date>2025-05-20T13:40:39.695125Z</date>
  <millis>1747748439695</millis>
  <nanos>125000</nanos>
  <sequence>580</sequence>
  <logger>java.awt.mixing.Component</logger>
  <level>FINE</level>
  <class>java.awt.Component</class>
  <method>isMixingNeeded</method>
  <thread>24</thread>
  <message>containing window = fr.tp.inf112.projects.canvas.view.CanvasViewer[frame0,0,0,1440x900,invalid,hidden,layout=java.awt.BorderLayout,title=Viewing Robot factory,resizable,normal,defaultCloseOperation=HIDE_ON_CLOSE,rootPane=javax.swing.JRootPane[,0,0,1440x900,layout=javax.swing.JRootPane$RootLayout,alignmentX=0.0,alignmentY=0.0,border=,flags=16777673,maximumSize=,minimumSize=,preferredSize=],rootPaneCheckingEnabled=true]; has h/w descendants = false; has l/w descendants = true; disposing = true</message>
</record>
<record>
  <date>2025-05-20T13:40:39.695778Z</date>
  <millis>1747748439695</millis>
  <nanos>778000</nanos>
  <sequence>581</sequence>
  <logger>java.awt.mixing.Container</logger>
  <level>FINE</level>
  <class>java.awt.Container</class>
  <method>mixOnHiding</method>
  <thread>24</thread>
  <message>this = javax.swing.JLayeredPane[null.layeredPane,0,0,1440x900,invalid,alignmentX=0.0,alignmentY=0.0,border=,flags=0,maximumSize=,minimumSize=,preferredSize=,optimizedDrawingPossible=true]; isLightweight=true</message>
</record>
<record>
  <date>2025-05-20T13:40:39.696710Z</date>
  <millis>1747748439696</millis>
  <nanos>710000</nanos>
  <sequence>582</sequence>
  <logger>java.awt.mixing.Component</logger>
  <level>FINE</level>
  <class>java.awt.Component</class>
  <method>mixOnHiding</method>
  <thread>24</thread>
  <message>this = javax.swing.JLayeredPane[null.layeredPane,0,0,1440x900,invalid,alignmentX=0.0,alignmentY=0.0,border=,flags=0,maximumSize=,minimumSize=,preferredSize=,optimizedDrawingPossible=true]; isLightweight = true</message>
</record>
<record>
  <date>2025-05-20T13:40:39.697427Z</date>
  <millis>1747748439697</millis>
  <nanos>427000</nanos>
  <sequence>583</sequence>
  <logger>java.awt.mixing.Component</logger>
  <level>FINE</level>
  <class>java.awt.Component</class>
  <method>isMixingNeeded</method>
  <thread>24</thread>
  <message>containing window = fr.tp.inf112.projects.canvas.view.CanvasViewer[frame0,0,0,1440x900,invalid,hidden,layout=java.awt.BorderLayout,title=Viewing Robot factory,resizable,normal,defaultCloseOperation=HIDE_ON_CLOSE,rootPane=javax.swing.JRootPane[,0,0,1440x900,layout=javax.swing.JRootPane$RootLayout,alignmentX=0.0,alignmentY=0.0,border=,flags=16777673,maximumSize=,minimumSize=,preferredSize=],rootPaneCheckingEnabled=true]; has h/w descendants = false; has l/w descendants = true; disposing = true</message>
</record>
<record>
  <date>2025-05-20T13:40:39.697938Z</date>
  <millis>1747748439697</millis>
  <nanos>938000</nanos>
  <sequence>584</sequence>
  <logger>java.awt.mixing.Container</logger>
  <level>FINE</level>
  <class>java.awt.Container</class>
  <method>mixOnHiding</method>
  <thread>24</thread>
  <message>this = javax.swing.JPanel[null.glassPane,0,0,1440x900,invalid,hidden,layout=java.awt.FlowLayout,alignmentX=0.0,alignmentY=0.0,border=,flags=16777217,maximumSize=,minimumSize=,preferredSize=]; isLightweight=true</message>
</record>
<record>
  <date>2025-05-20T13:40:39.698300Z</date>
  <millis>1747748439698</millis>
  <nanos>300000</nanos>
  <sequence>585</sequence>
  <logger>java.awt.mixing.Component</logger>
  <level>FINE</level>
  <class>java.awt.Component</class>
  <method>mixOnHiding</method>
  <thread>24</thread>
  <message>this = javax.swing.JPanel[null.glassPane,0,0,1440x900,invalid,hidden,layout=java.awt.FlowLayout,alignmentX=0.0,alignmentY=0.0,border=,flags=16777217,maximumSize=,minimumSize=,preferredSize=]; isLightweight = true</message>
</record>
<record>
  <date>2025-05-20T13:40:39.698993Z</date>
  <millis>1747748439698</millis>
  <nanos>993000</nanos>
  <sequence>586</sequence>
  <logger>java.awt.mixing.Component</logger>
  <level>FINE</level>
  <class>java.awt.Component</class>
  <method>isMixingNeeded</method>
  <thread>24</thread>
  <message>containing window = fr.tp.inf112.projects.canvas.view.CanvasViewer[frame0,0,0,1440x900,invalid,hidden,layout=java.awt.BorderLayout,title=Viewing Robot factory,resizable,normal,defaultCloseOperation=HIDE_ON_CLOSE,rootPane=javax.swing.JRootPane[,0,0,1440x900,layout=javax.swing.JRootPane$RootLayout,alignmentX=0.0,alignmentY=0.0,border=,flags=16777673,maximumSize=,minimumSize=,preferredSize=],rootPaneCheckingEnabled=true]; has h/w descendants = false; has l/w descendants = true; disposing = true</message>
</record>
<record>
  <date>2025-05-20T13:40:39.699478Z</date>
  <millis>1747748439699</millis>
  <nanos>478000</nanos>
  <sequence>587</sequence>
  <logger>java.awt.mixing.Container</logger>
  <level>FINE</level>
  <class>java.awt.Container</class>
  <method>mixOnHiding</method>
  <thread>24</thread>
  <message>this = javax.swing.JRootPane[,0,0,1440x900,invalid,layout=javax.swing.JRootPane$RootLayout,alignmentX=0.0,alignmentY=0.0,border=,flags=16777673,maximumSize=,minimumSize=,preferredSize=]; isLightweight=true</message>
</record>
<record>
  <date>2025-05-20T13:40:39.699766Z</date>
  <millis>1747748439699</millis>
  <nanos>766000</nanos>
  <sequence>588</sequence>
  <logger>java.awt.mixing.Component</logger>
  <level>FINE</level>
  <class>java.awt.Component</class>
  <method>mixOnHiding</method>
  <thread>24</thread>
  <message>this = javax.swing.JRootPane[,0,0,1440x900,invalid,layout=javax.swing.JRootPane$RootLayout,alignmentX=0.0,alignmentY=0.0,border=,flags=16777673,maximumSize=,minimumSize=,preferredSize=]; isLightweight = true</message>
</record>
<record>
  <date>2025-05-20T13:40:39.699993Z</date>
  <millis>1747748439699</millis>
  <nanos>993000</nanos>
  <sequence>589</sequence>
  <logger>java.awt.mixing.Component</logger>
  <level>FINE</level>
  <class>java.awt.Component</class>
  <method>isMixingNeeded</method>
  <thread>24</thread>
  <message>this = javax.swing.JRootPane[,0,0,1440x900,invalid,layout=javax.swing.JRootPane$RootLayout,alignmentX=0.0,alignmentY=0.0,border=,flags=16777673,maximumSize=,minimumSize=,preferredSize=]; areBoundsValid = false</message>
</record>
<record>
  <date>2025-05-20T13:40:39.701094Z</date>
  <millis>1747748439701</millis>
  <nanos>94000</nanos>
  <sequence>590</sequence>
  <logger>java.awt.mixing.Container</logger>
  <level>FINE</level>
  <class>java.awt.Container</class>
  <method>mixOnHiding</method>
  <thread>24</thread>
  <message>this = fr.tp.inf112.projects.canvas.view.CanvasViewer[frame0,0,0,1440x900,invalid,hidden,layout=java.awt.BorderLayout,title=Viewing Robot factory,resizable,normal,defaultCloseOperation=HIDE_ON_CLOSE,rootPane=javax.swing.JRootPane[,0,0,1440x900,invalid,layout=javax.swing.JRootPane$RootLayout,alignmentX=0.0,alignmentY=0.0,border=,flags=16777673,maximumSize=,minimumSize=,preferredSize=],rootPaneCheckingEnabled=true]; isLightweight=false</message>
</record>
<record>
  <date>2025-05-20T13:40:39.701359Z</date>
  <millis>1747748439701</millis>
  <nanos>359000</nanos>
  <sequence>591</sequence>
  <logger>java.awt.mixing.Component</logger>
  <level>FINE</level>
  <class>java.awt.Component</class>
  <method>mixOnHiding</method>
  <thread>24</thread>
  <message>this = fr.tp.inf112.projects.canvas.view.CanvasViewer[frame0,0,0,1440x900,invalid,hidden,layout=java.awt.BorderLayout,title=Viewing Robot factory,resizable,normal,defaultCloseOperation=HIDE_ON_CLOSE,rootPane=javax.swing.JRootPane[,0,0,1440x900,invalid,layout=javax.swing.JRootPane$RootLayout,alignmentX=0.0,alignmentY=0.0,border=,flags=16777673,maximumSize=,minimumSize=,preferredSize=],rootPaneCheckingEnabled=true]; isLightweight = false</message>
</record>
<record>
  <date>2025-05-20T13:40:39.701550Z</date>
  <millis>1747748439701</millis>
  <nanos>550000</nanos>
  <sequence>592</sequence>
  <logger>java.awt.mixing.Component</logger>
  <level>FINE</level>
  <class>java.awt.Component</class>
  <method>isMixingNeeded</method>
  <thread>24</thread>
  <message>containing window = fr.tp.inf112.projects.canvas.view.CanvasViewer[frame0,0,0,1440x900,invalid,hidden,layout=java.awt.BorderLayout,title=Viewing Robot factory,resizable,normal,defaultCloseOperation=HIDE_ON_CLOSE,rootPane=javax.swing.JRootPane[,0,0,1440x900,invalid,layout=javax.swing.JRootPane$RootLayout,alignmentX=0.0,alignmentY=0.0,border=,flags=16777673,maximumSize=,minimumSize=,preferredSize=],rootPaneCheckingEnabled=true]; has h/w descendants = false; has l/w descendants = false; disposing = true</message>
</record>
<record>
  <date>2025-05-20T13:40:39.702059Z</date>
  <millis>1747748439702</millis>
  <nanos>59000</nanos>
  <sequence>593</sequence>
  <logger>java.awt.focus.DefaultKeyboardFocusManager</logger>
  <level>FINE</level>
  <class>java.awt.DefaultKeyboardFocusManager</class>
  <method>dispatchEvent</method>
  <thread>24</thread>
  <message>java.awt.event.FocusEvent[FOCUS_LOST,permanent,opposite=fr.tp.inf112.projects.canvas.view.CanvasViewer[frame0,0,0,1440x900,invalid,hidden,layout=java.awt.BorderLayout,title=Viewing Robot factory,resizable,normal,defaultCloseOperation=HIDE_ON_CLOSE,rootPane=javax.swing.JRootPane[,0,0,1440x900,invalid,layout=javax.swing.JRootPane$RootLayout,alignmentX=0.0,alignmentY=0.0,border=,flags=16777673,maximumSize=,minimumSize=,preferredSize=],rootPaneCheckingEnabled=true],cause=UNKNOWN] on javax.swing.JRootPane[,0,0,1440x900,invalid,layout=javax.swing.JRootPane$RootLayout,alignmentX=0.0,alignmentY=0.0,border=,flags=16777673,maximumSize=,minimumSize=,preferredSize=]</message>
</record>
<record>
  <date>2025-05-20T13:40:39.808969Z</date>
  <millis>1747748439808</millis>
  <nanos>969000</nanos>
  <sequence>594</sequence>
  <logger>java.awt.focus.DefaultKeyboardFocusManager</logger>
  <level>FINE</level>
  <class>java.awt.DefaultKeyboardFocusManager</class>
  <method>dispatchEvent</method>
  <thread>24</thread>
  <message>java.awt.event.FocusEvent[FOCUS_GAINED,permanent,opposite=javax.swing.JRootPane[,0,0,1440x900,invalid,layout=javax.swing.JRootPane$RootLayout,alignmentX=0.0,alignmentY=0.0,border=,flags=16777673,maximumSize=,minimumSize=,preferredSize=],cause=UNKNOWN] on frame0</message>
</record>
<record>
  <date>2025-05-20T13:40:39.809721Z</date>
  <millis>1747748439809</millis>
  <nanos>721000</nanos>
  <sequence>595</sequence>
  <logger>java.awt.focus.DefaultKeyboardFocusManager</logger>
  <level>FINE</level>
  <class>java.awt.DefaultKeyboardFocusManager</class>
  <method>dispatchEvent</method>
  <thread>24</thread>
  <message>java.awt.event.WindowEvent[WINDOW_CLOSED,opposite=null,oldState=0,newState=0] on win0</message>
</record>
<record>
  <date>2025-05-20T13:40:39.810163Z</date>
  <millis>1747748439810</millis>
  <nanos>163000</nanos>
  <sequence>596</sequence>
  <logger>java.awt.focus.DefaultKeyboardFocusManager</logger>
  <level>FINE</level>
  <class>java.awt.DefaultKeyboardFocusManager</class>
  <method>dispatchEvent</method>
  <thread>24</thread>
  <message>sun.awt.TimedWindowEvent[WINDOW_LOST_FOCUS,opposite=null,oldState=0,newState=0] on frame0</message>
</record>
<record>
  <date>2025-05-20T13:40:39.810997Z</date>
  <millis>1747748439810</millis>
  <nanos>997000</nanos>
  <sequence>597</sequence>
  <logger>java.awt.focus.DefaultKeyboardFocusManager</logger>
  <level>FINE</level>
  <class>java.awt.DefaultKeyboardFocusManager</class>
  <method>dispatchEvent</method>
  <thread>24</thread>
  <message>Active fr.tp.inf112.projects.canvas.view.CanvasViewer[frame0,0,0,1440x900,invalid,hidden,layout=java.awt.BorderLayout,title=Viewing Robot factory,resizable,normal,defaultCloseOperation=HIDE_ON_CLOSE,rootPane=javax.swing.JRootPane[,0,0,1440x900,invalid,layout=javax.swing.JRootPane$RootLayout,alignmentX=0.0,alignmentY=0.0,border=,flags=16777673,maximumSize=,minimumSize=,preferredSize=],rootPaneCheckingEnabled=true], Current focused fr.tp.inf112.projects.canvas.view.CanvasViewer[frame0,0,0,1440x900,invalid,hidden,layout=java.awt.BorderLayout,title=Viewing Robot factory,resizable,normal,defaultCloseOperation=HIDE_ON_CLOSE,rootPane=javax.swing.JRootPane[,0,0,1440x900,invalid,layout=javax.swing.JRootPane$RootLayout,alignmentX=0.0,alignmentY=0.0,border=,flags=16777673,maximumSize=,minimumSize=,preferredSize=],rootPaneCheckingEnabled=true], losing focus fr.tp.inf112.projects.canvas.view.CanvasViewer[frame0,0,0,1440x900,invalid,hidden,layout=java.awt.BorderLayout,title=Viewing Robot factory,resizable,normal,defaultCloseOperation=HIDE_ON_CLOSE,rootPane=javax.swing.JRootPane[,0,0,1440x900,invalid,layout=javax.swing.JRootPane$RootLayout,alignmentX=0.0,alignmentY=0.0,border=,flags=16777673,maximumSize=,minimumSize=,preferredSize=],rootPaneCheckingEnabled=true] opposite null</message>
</record>
<record>
  <date>2025-05-20T13:40:39.815209Z</date>
  <millis>1747748439815</millis>
  <nanos>209000</nanos>
  <sequence>598</sequence>
  <logger>java.awt.focus.DefaultKeyboardFocusManager</logger>
  <level>FINE</level>
  <class>java.awt.DefaultKeyboardFocusManager</class>
  <method>dispatchEvent</method>
  <thread>24</thread>
  <message>java.awt.event.WindowEvent[WINDOW_DEACTIVATED,opposite=null,oldState=0,newState=0] on frame0</message>
</record>
<record>
  <date>2025-05-20T13:40:39.816344Z</date>
  <millis>1747748439816</millis>
  <nanos>344000</nanos>
  <sequence>599</sequence>
  <logger>java.awt.focus.DefaultKeyboardFocusManager</logger>
  <level>FINE</level>
  <class>java.awt.DefaultKeyboardFocusManager</class>
  <method>dispatchEvent</method>
  <thread>24</thread>
  <message>java.awt.event.WindowEvent[WINDOW_CLOSED,opposite=null,oldState=0,newState=0] on frame0</message>
</record>
</log>
