<?xml version="1.0" encoding="UTF-8" standalone="no"?>
<!DOCTYPE log SYSTEM "logger.dtd">
<log>
<record>
  <date>2025-05-20T13:51:15.161861Z</date>
  <millis>1747749075161</millis>
  <nanos>861000</nanos>
  <sequence>321</sequence>
  <logger>java.awt.mixing.Container</logger>
  <level>FINE</level>
  <class>java.awt.Container</class>
  <method>mixOnHiding</method>
  <thread>24</thread>
  <message>this = fr.tp.inf112.projects.canvas.view.StopAnimationMenuItem[,0,23,154x19,invalid,disabled,alignmentX=0.0,alignmentY=0.0,border=com.apple.laf.AquaMenuBorder@520a3426,flags=264,maximumSize=,minimumSize=,preferredSize=,defaultIcon=,disabledIcon=,disabledSelectedIcon=,margin=javax.swing.plaf.InsetsUIResource[top=0,left=0,bottom=0,right=0],paintBorder=true,paintFocus=false,pressedIcon=,rolloverEnabled=false,rolloverIcon=,rolloverSelectedIcon=,selectedIcon=,text=Stop Animation]; isLightweight=true</message>
</record>
<record>
  <date>2025-05-20T13:51:15.162558Z</date>
  <millis>1747749075162</millis>
  <nanos>558000</nanos>
  <sequence>322</sequence>
  <logger>java.awt.mixing.Component</logger>
  <level>FINE</level>
  <class>java.awt.Component</class>
  <method>mixOnHiding</method>
  <thread>24</thread>
  <message>this = fr.tp.inf112.projects.canvas.view.StopAnimationMenuItem[,0,23,154x19,invalid,disabled,alignmentX=0.0,alignmentY=0.0,border=com.apple.laf.AquaMenuBorder@520a3426,flags=264,maximumSize=,minimumSize=,preferredSize=,defaultIcon=,disabledIcon=,disabledSelectedIcon=,margin=javax.swing.plaf.InsetsUIResource[top=0,left=0,bottom=0,right=0],paintBorder=true,paintFocus=false,pressedIcon=,rolloverEnabled=false,rolloverIcon=,rolloverSelectedIcon=,selectedIcon=,text=Stop Animation]; isLightweight = true</message>
</record>
<record>
  <date>2025-05-20T13:51:15.163584Z</date>
  <millis>1747749075163</millis>
  <nanos>584000</nanos>
  <sequence>323</sequence>
  <logger>java.awt.mixing.Component</logger>
  <level>FINE</level>
  <class>java.awt.Component</class>
  <method>isMixingNeeded</method>
  <thread>24</thread>
  <message>containing window = javax.swing.Popup$HeavyWeightWindow[win0,42,75,154x46,hidden,layout=java.awt.BorderLayout,rootPaneCheckingEnabled=true]; has h/w descendants = false; has l/w descendants = true; disposing = false</message>
</record>
<record>
  <date>2025-05-20T13:51:15.164855Z</date>
  <millis>1747749075164</millis>
  <nanos>855000</nanos>
  <sequence>324</sequence>
  <logger>java.awt.mixing.Container</logger>
  <level>FINE</level>
  <class>java.awt.Container</class>
  <method>mixOnHiding</method>
  <thread>24</thread>
  <message>this = fr.tp.inf112.projects.canvas.view.StartAnimationMenuItem[,0,4,154x19,invalid,alignmentX=0.0,alignmentY=0.0,border=com.apple.laf.AquaMenuBorder@520a3426,flags=264,maximumSize=,minimumSize=,preferredSize=,defaultIcon=,disabledIcon=,disabledSelectedIcon=,margin=javax.swing.plaf.InsetsUIResource[top=0,left=0,bottom=0,right=0],paintBorder=true,paintFocus=false,pressedIcon=,rolloverEnabled=false,rolloverIcon=,rolloverSelectedIcon=,selectedIcon=,text=Start Animation]; isLightweight=true</message>
</record>
<record>
  <date>2025-05-20T13:51:15.165308Z</date>
  <millis>1747749075165</millis>
  <nanos>308000</nanos>
  <sequence>325</sequence>
  <logger>java.awt.mixing.Component</logger>
  <level>FINE</level>
  <class>java.awt.Component</class>
  <method>mixOnHiding</method>
  <thread>24</thread>
  <message>this = fr.tp.inf112.projects.canvas.view.StartAnimationMenuItem[,0,4,154x19,invalid,alignmentX=0.0,alignmentY=0.0,border=com.apple.laf.AquaMenuBorder@520a3426,flags=264,maximumSize=,minimumSize=,preferredSize=,defaultIcon=,disabledIcon=,disabledSelectedIcon=,margin=javax.swing.plaf.InsetsUIResource[top=0,left=0,bottom=0,right=0],paintBorder=true,paintFocus=false,pressedIcon=,rolloverEnabled=false,rolloverIcon=,rolloverSelectedIcon=,selectedIcon=,text=Start Animation]; isLightweight = true</message>
</record>
<record>
  <date>2025-05-20T13:51:15.165678Z</date>
  <millis>1747749075165</millis>
  <nanos>678000</nanos>
  <sequence>326</sequence>
  <logger>java.awt.mixing.Component</logger>
  <level>FINE</level>
  <class>java.awt.Component</class>
  <method>isMixingNeeded</method>
  <thread>24</thread>
  <message>containing window = javax.swing.Popup$HeavyWeightWindow[win0,42,75,154x46,hidden,layout=java.awt.BorderLayout,rootPaneCheckingEnabled=true]; has h/w descendants = false; has l/w descendants = true; disposing = false</message>
</record>
<record>
  <date>2025-05-20T13:51:15.166137Z</date>
  <millis>1747749075166</millis>
  <nanos>137000</nanos>
  <sequence>327</sequence>
  <logger>java.awt.mixing.Container</logger>
  <level>FINE</level>
  <class>java.awt.Container</class>
  <method>mixOnHiding</method>
  <thread>24</thread>
  <message>this = javax.swing.JPopupMenu[,0,0,154x46,invalid,layout=javax.swing.plaf.basic.DefaultMenuLayout,alignmentX=0.0,alignmentY=0.0,border=com.apple.laf.AquaMenuBorder@520a3426,flags=264,maximumSize=,minimumSize=,preferredSize=,desiredLocationX=42,desiredLocationY=75,label=,lightWeightPopupEnabled=true,margin=,paintBorder=true]; isLightweight=true</message>
</record>
<record>
  <date>2025-05-20T13:51:15.166490Z</date>
  <millis>1747749075166</millis>
  <nanos>490000</nanos>
  <sequence>328</sequence>
  <logger>java.awt.mixing.Component</logger>
  <level>FINE</level>
  <class>java.awt.Component</class>
  <method>mixOnHiding</method>
  <thread>24</thread>
  <message>this = javax.swing.JPopupMenu[,0,0,154x46,invalid,layout=javax.swing.plaf.basic.DefaultMenuLayout,alignmentX=0.0,alignmentY=0.0,border=com.apple.laf.AquaMenuBorder@520a3426,flags=264,maximumSize=,minimumSize=,preferredSize=,desiredLocationX=42,desiredLocationY=75,label=,lightWeightPopupEnabled=true,margin=,paintBorder=true]; isLightweight = true</message>
</record>
<record>
  <date>2025-05-20T13:51:15.166879Z</date>
  <millis>1747749075166</millis>
  <nanos>879000</nanos>
  <sequence>329</sequence>
  <logger>java.awt.mixing.Component</logger>
  <level>FINE</level>
  <class>java.awt.Component</class>
  <method>isMixingNeeded</method>
  <thread>24</thread>
  <message>containing window = javax.swing.Popup$HeavyWeightWindow[win0,42,75,154x46,hidden,layout=java.awt.BorderLayout,rootPaneCheckingEnabled=true]; has h/w descendants = false; has l/w descendants = true; disposing = false</message>
</record>
<record>
  <date>2025-05-20T13:51:15.168393Z</date>
  <millis>1747749075168</millis>
  <nanos>393000</nanos>
  <sequence>330</sequence>
  <logger>java.awt.focus.DefaultKeyboardFocusManager</logger>
  <level>FINE</level>
  <class>java.awt.DefaultKeyboardFocusManager</class>
  <method>dispatchEvent</method>
  <thread>24</thread>
  <message>sun.awt.TimedWindowEvent[WINDOW_LOST_FOCUS,opposite=null,oldState=0,newState=0] on frame0</message>
</record>
<record>
  <date>2025-05-20T13:51:15.168815Z</date>
  <millis>1747749075168</millis>
  <nanos>815000</nanos>
  <sequence>331</sequence>
  <logger>java.awt.focus.DefaultKeyboardFocusManager</logger>
  <level>FINE</level>
  <class>java.awt.DefaultKeyboardFocusManager</class>
  <method>dispatchEvent</method>
  <thread>24</thread>
  <message>Active fr.tp.inf112.projects.canvas.view.CanvasViewer[frame0,0,25,1440x809,invalid,layout=java.awt.BorderLayout,title=Viewing Robot factory,resizable,maximized,defaultCloseOperation=HIDE_ON_CLOSE,rootPane=javax.swing.JRootPane[,0,28,1440x781,layout=javax.swing.JRootPane$RootLayout,alignmentX=0.0,alignmentY=0.0,border=,flags=16777673,maximumSize=,minimumSize=,preferredSize=],rootPaneCheckingEnabled=true], Current focused fr.tp.inf112.projects.canvas.view.CanvasViewer[frame0,0,25,1440x809,invalid,layout=java.awt.BorderLayout,title=Viewing Robot factory,resizable,maximized,defaultCloseOperation=HIDE_ON_CLOSE,rootPane=javax.swing.JRootPane[,0,28,1440x781,layout=javax.swing.JRootPane$RootLayout,alignmentX=0.0,alignmentY=0.0,border=,flags=16777673,maximumSize=,minimumSize=,preferredSize=],rootPaneCheckingEnabled=true], losing focus fr.tp.inf112.projects.canvas.view.CanvasViewer[frame0,0,25,1440x809,invalid,layout=java.awt.BorderLayout,title=Viewing Robot factory,resizable,maximized,defaultCloseOperation=HIDE_ON_CLOSE,rootPane=javax.swing.JRootPane[,0,28,1440x781,layout=javax.swing.JRootPane$RootLayout,alignmentX=0.0,alignmentY=0.0,border=,flags=16777673,maximumSize=,minimumSize=,preferredSize=],rootPaneCheckingEnabled=true] opposite null</message>
</record>
<record>
  <date>2025-05-20T13:51:15.172360Z</date>
  <millis>1747749075172</millis>
  <nanos>360000</nanos>
  <sequence>332</sequence>
  <logger>java.awt.focus.DefaultKeyboardFocusManager</logger>
  <level>FINE</level>
  <class>java.awt.DefaultKeyboardFocusManager</class>
  <method>dispatchEvent</method>
  <thread>24</thread>
  <message>java.awt.event.FocusEvent[FOCUS_LOST,temporary,opposite=null,cause=ACTIVATION] on javax.swing.JRootPane[,0,28,1440x781,layout=javax.swing.JRootPane$RootLayout,alignmentX=0.0,alignmentY=0.0,border=,flags=16777673,maximumSize=,minimumSize=,preferredSize=]</message>
</record>
<record>
  <date>2025-05-20T13:51:15.172975Z</date>
  <millis>1747749075172</millis>
  <nanos>975000</nanos>
  <sequence>333</sequence>
  <logger>java.awt.focus.DefaultKeyboardFocusManager</logger>
  <level>FINE</level>
  <class>java.awt.DefaultKeyboardFocusManager</class>
  <method>dispatchEvent</method>
  <thread>24</thread>
  <message>java.awt.event.WindowEvent[WINDOW_DEACTIVATED,opposite=null,oldState=0,newState=0] on frame0</message>
</record>
<record>
  <date>2025-05-20T13:55:10.101933Z</date>
  <millis>1747749310101</millis>
  <nanos>933000</nanos>
  <sequence>334</sequence>
  <logger>java.awt.focus.DefaultKeyboardFocusManager</logger>
  <level>FINE</level>
  <class>java.awt.DefaultKeyboardFocusManager</class>
  <method>dispatchEvent</method>
  <thread>24</thread>
  <message>java.awt.event.WindowEvent[WINDOW_CLOSING,opposite=null,oldState=0,newState=0] on frame0</message>
</record>
<record>
  <date>2025-05-20T13:55:10.105190Z</date>
  <millis>1747749310105</millis>
  <nanos>190000</nanos>
  <sequence>335</sequence>
  <logger>java.awt.mixing.Container</logger>
  <level>FINE</level>
  <class>java.awt.Container</class>
  <method>mixOnHiding</method>
  <thread>24</thread>
  <message>this = javax.swing.JPanel[null.contentPane,0,0,154x46,invalid,layout=javax.swing.JRootPane$1,alignmentX=0.0,alignmentY=0.0,border=,flags=9,maximumSize=,minimumSize=,preferredSize=]; isLightweight=true</message>
</record>
<record>
  <date>2025-05-20T13:55:10.105975Z</date>
  <millis>1747749310105</millis>
  <nanos>975000</nanos>
  <sequence>336</sequence>
  <logger>java.awt.mixing.Component</logger>
  <level>FINE</level>
  <class>java.awt.Component</class>
  <method>mixOnHiding</method>
  <thread>24</thread>
  <message>this = javax.swing.JPanel[null.contentPane,0,0,154x46,invalid,layout=javax.swing.JRootPane$1,alignmentX=0.0,alignmentY=0.0,border=,flags=9,maximumSize=,minimumSize=,preferredSize=]; isLightweight = true</message>
</record>
<record>
  <date>2025-05-20T13:55:10.106406Z</date>
  <millis>1747749310106</millis>
  <nanos>406000</nanos>
  <sequence>337</sequence>
  <logger>java.awt.mixing.Component</logger>
  <level>FINE</level>
  <class>java.awt.Component</class>
  <method>isMixingNeeded</method>
  <thread>24</thread>
  <message>containing window = javax.swing.Popup$HeavyWeightWindow[win0,42,75,154x46,invalid,hidden,layout=java.awt.BorderLayout,rootPaneCheckingEnabled=true]; has h/w descendants = false; has l/w descendants = true; disposing = true</message>
</record>
<record>
  <date>2025-05-20T13:55:10.106868Z</date>
  <millis>1747749310106</millis>
  <nanos>868000</nanos>
  <sequence>338</sequence>
  <logger>java.awt.mixing.Container</logger>
  <level>FINE</level>
  <class>java.awt.Container</class>
  <method>mixOnHiding</method>
  <thread>24</thread>
  <message>this = javax.swing.JLayeredPane[null.layeredPane,0,0,154x46,invalid,alignmentX=0.0,alignmentY=0.0,border=,flags=0,maximumSize=,minimumSize=,preferredSize=,optimizedDrawingPossible=true]; isLightweight=true</message>
</record>
<record>
  <date>2025-05-20T13:55:10.107203Z</date>
  <millis>1747749310107</millis>
  <nanos>203000</nanos>
  <sequence>339</sequence>
  <logger>java.awt.mixing.Component</logger>
  <level>FINE</level>
  <class>java.awt.Component</class>
  <method>mixOnHiding</method>
  <thread>24</thread>
  <message>this = javax.swing.JLayeredPane[null.layeredPane,0,0,154x46,invalid,alignmentX=0.0,alignmentY=0.0,border=,flags=0,maximumSize=,minimumSize=,preferredSize=,optimizedDrawingPossible=true]; isLightweight = true</message>
</record>
<record>
  <date>2025-05-20T13:55:10.107516Z</date>
  <millis>1747749310107</millis>
  <nanos>516000</nanos>
  <sequence>340</sequence>
  <logger>java.awt.mixing.Component</logger>
  <level>FINE</level>
  <class>java.awt.Component</class>
  <method>isMixingNeeded</method>
  <thread>24</thread>
  <message>this = javax.swing.JLayeredPane[null.layeredPane,0,0,154x46,invalid,alignmentX=0.0,alignmentY=0.0,border=,flags=0,maximumSize=,minimumSize=,preferredSize=,optimizedDrawingPossible=true]; areBoundsValid = false</message>
</record>
<record>
  <date>2025-05-20T13:55:10.107957Z</date>
  <millis>1747749310107</millis>
  <nanos>957000</nanos>
  <sequence>341</sequence>
  <logger>java.awt.mixing.Container</logger>
  <level>FINE</level>
  <class>java.awt.Container</class>
  <method>mixOnHiding</method>
  <thread>24</thread>
  <message>this = javax.swing.JPanel[null.glassPane,0,0,154x46,invalid,hidden,layout=java.awt.FlowLayout,alignmentX=0.0,alignmentY=0.0,border=,flags=16777217,maximumSize=,minimumSize=,preferredSize=]; isLightweight=true</message>
</record>
<record>
  <date>2025-05-20T13:55:10.108262Z</date>
  <millis>1747749310108</millis>
  <nanos>262000</nanos>
  <sequence>342</sequence>
  <logger>java.awt.mixing.Component</logger>
  <level>FINE</level>
  <class>java.awt.Component</class>
  <method>mixOnHiding</method>
  <thread>24</thread>
  <message>this = javax.swing.JPanel[null.glassPane,0,0,154x46,invalid,hidden,layout=java.awt.FlowLayout,alignmentX=0.0,alignmentY=0.0,border=,flags=16777217,maximumSize=,minimumSize=,preferredSize=]; isLightweight = true</message>
</record>
<record>
  <date>2025-05-20T13:55:10.108493Z</date>
  <millis>1747749310108</millis>
  <nanos>493000</nanos>
  <sequence>343</sequence>
  <logger>java.awt.mixing.Component</logger>
  <level>FINE</level>
  <class>java.awt.Component</class>
  <method>isMixingNeeded</method>
  <thread>24</thread>
  <message>this = javax.swing.JPanel[null.glassPane,0,0,154x46,invalid,hidden,layout=java.awt.FlowLayout,alignmentX=0.0,alignmentY=0.0,border=,flags=16777217,maximumSize=,minimumSize=,preferredSize=]; areBoundsValid = false</message>
</record>
<record>
  <date>2025-05-20T13:55:10.108772Z</date>
  <millis>1747749310108</millis>
  <nanos>772000</nanos>
  <sequence>344</sequence>
  <logger>java.awt.mixing.Container</logger>
  <level>FINE</level>
  <class>java.awt.Container</class>
  <method>mixOnHiding</method>
  <thread>24</thread>
  <message>this = javax.swing.JRootPane[,0,0,154x46,invalid,layout=javax.swing.JRootPane$RootLayout,alignmentX=0.0,alignmentY=0.0,border=,flags=16777673,maximumSize=,minimumSize=,preferredSize=]; isLightweight=true</message>
</record>
<record>
  <date>2025-05-20T13:55:10.109020Z</date>
  <millis>1747749310109</millis>
  <nanos>20000</nanos>
  <sequence>345</sequence>
  <logger>java.awt.mixing.Component</logger>
  <level>FINE</level>
  <class>java.awt.Component</class>
  <method>mixOnHiding</method>
  <thread>24</thread>
  <message>this = javax.swing.JRootPane[,0,0,154x46,invalid,layout=javax.swing.JRootPane$RootLayout,alignmentX=0.0,alignmentY=0.0,border=,flags=16777673,maximumSize=,minimumSize=,preferredSize=]; isLightweight = true</message>
</record>
<record>
  <date>2025-05-20T13:55:10.109239Z</date>
  <millis>1747749310109</millis>
  <nanos>239000</nanos>
  <sequence>346</sequence>
  <logger>java.awt.mixing.Component</logger>
  <level>FINE</level>
  <class>java.awt.Component</class>
  <method>isMixingNeeded</method>
  <thread>24</thread>
  <message>this = javax.swing.JRootPane[,0,0,154x46,invalid,layout=javax.swing.JRootPane$RootLayout,alignmentX=0.0,alignmentY=0.0,border=,flags=16777673,maximumSize=,minimumSize=,preferredSize=]; areBoundsValid = false</message>
</record>
<record>
  <date>2025-05-20T13:55:10.114309Z</date>
  <millis>1747749310114</millis>
  <nanos>309000</nanos>
  <sequence>347</sequence>
  <logger>java.awt.mixing.Container</logger>
  <level>FINE</level>
  <class>java.awt.Container</class>
  <method>mixOnHiding</method>
  <thread>24</thread>
  <message>this = javax.swing.Popup$HeavyWeightWindow[win0,42,75,154x46,invalid,hidden,layout=java.awt.BorderLayout,rootPaneCheckingEnabled=true]; isLightweight=false</message>
</record>
<record>
  <date>2025-05-20T13:55:10.114831Z</date>
  <millis>1747749310114</millis>
  <nanos>831000</nanos>
  <sequence>348</sequence>
  <logger>java.awt.mixing.Component</logger>
  <level>FINE</level>
  <class>java.awt.Component</class>
  <method>mixOnHiding</method>
  <thread>24</thread>
  <message>this = javax.swing.Popup$HeavyWeightWindow[win0,42,75,154x46,invalid,hidden,layout=java.awt.BorderLayout,rootPaneCheckingEnabled=true]; isLightweight = false</message>
</record>
<record>
  <date>2025-05-20T13:55:10.115523Z</date>
  <millis>1747749310115</millis>
  <nanos>523000</nanos>
  <sequence>349</sequence>
  <logger>java.awt.mixing.Component</logger>
  <level>FINE</level>
  <class>java.awt.Component</class>
  <method>isMixingNeeded</method>
  <thread>24</thread>
  <message>containing window = javax.swing.Popup$HeavyWeightWindow[win0,42,75,154x46,invalid,hidden,layout=java.awt.BorderLayout,rootPaneCheckingEnabled=true]; has h/w descendants = false; has l/w descendants = false; disposing = true</message>
</record>
<record>
  <date>2025-05-20T13:55:10.116346Z</date>
  <millis>1747749310116</millis>
  <nanos>346000</nanos>
  <sequence>350</sequence>
  <logger>java.awt.mixing.Container</logger>
  <level>FINE</level>
  <class>java.awt.Container</class>
  <method>mixOnHiding</method>
  <thread>24</thread>
  <message>this = fr.tp.inf112.projects.canvas.view.CanvasViewer[frame0,0,25,1440x809,invalid,hidden,layout=java.awt.BorderLayout,title=Viewing Robot factory,resizable,maximized,defaultCloseOperation=HIDE_ON_CLOSE,rootPane=javax.swing.JRootPane[,0,28,1440x781,layout=javax.swing.JRootPane$RootLayout,alignmentX=0.0,alignmentY=0.0,border=,flags=16777673,maximumSize=,minimumSize=,preferredSize=],rootPaneCheckingEnabled=true]; isLightweight=false</message>
</record>
<record>
  <date>2025-05-20T13:55:10.116739Z</date>
  <millis>1747749310116</millis>
  <nanos>739000</nanos>
  <sequence>351</sequence>
  <logger>java.awt.mixing.Component</logger>
  <level>FINE</level>
  <class>java.awt.Component</class>
  <method>mixOnHiding</method>
  <thread>24</thread>
  <message>this = fr.tp.inf112.projects.canvas.view.CanvasViewer[frame0,0,25,1440x809,invalid,hidden,layout=java.awt.BorderLayout,title=Viewing Robot factory,resizable,maximized,defaultCloseOperation=HIDE_ON_CLOSE,rootPane=javax.swing.JRootPane[,0,28,1440x781,layout=javax.swing.JRootPane$RootLayout,alignmentX=0.0,alignmentY=0.0,border=,flags=16777673,maximumSize=,minimumSize=,preferredSize=],rootPaneCheckingEnabled=true]; isLightweight = false</message>
</record>
<record>
  <date>2025-05-20T13:55:10.117111Z</date>
  <millis>1747749310117</millis>
  <nanos>111000</nanos>
  <sequence>352</sequence>
  <logger>java.awt.mixing.Component</logger>
  <level>FINE</level>
  <class>java.awt.Component</class>
  <method>isMixingNeeded</method>
  <thread>24</thread>
  <message>containing window = fr.tp.inf112.projects.canvas.view.CanvasViewer[frame0,0,25,1440x809,invalid,hidden,layout=java.awt.BorderLayout,title=Viewing Robot factory,resizable,maximized,defaultCloseOperation=HIDE_ON_CLOSE,rootPane=javax.swing.JRootPane[,0,28,1440x781,layout=javax.swing.JRootPane$RootLayout,alignmentX=0.0,alignmentY=0.0,border=,flags=16777673,maximumSize=,minimumSize=,preferredSize=],rootPaneCheckingEnabled=true]; has h/w descendants = false; has l/w descendants = true; disposing = true</message>
</record>
<record>
  <date>2025-05-20T13:55:10.117771Z</date>
  <millis>1747749310117</millis>
  <nanos>771000</nanos>
  <sequence>353</sequence>
  <logger>java.awt.mixing.Container</logger>
  <level>FINE</level>
  <class>java.awt.Container</class>
  <method>mixOnHiding</method>
  <thread>24</thread>
  <message>this = fr.tp.inf112.projects.canvas.view.CanvasPanel[,0,22,1440x759,invalid,layout=java.awt.FlowLayout,alignmentX=0.0,alignmentY=0.0,border=,flags=9,maximumSize=,minimumSize=,preferredSize=]; isLightweight=true</message>
</record>
<record>
  <date>2025-05-20T13:55:10.118365Z</date>
  <millis>1747749310118</millis>
  <nanos>365000</nanos>
  <sequence>354</sequence>
  <logger>java.awt.mixing.Component</logger>
  <level>FINE</level>
  <class>java.awt.Component</class>
  <method>mixOnHiding</method>
  <thread>24</thread>
  <message>this = fr.tp.inf112.projects.canvas.view.CanvasPanel[,0,22,1440x759,invalid,layout=java.awt.FlowLayout,alignmentX=0.0,alignmentY=0.0,border=,flags=9,maximumSize=,minimumSize=,preferredSize=]; isLightweight = true</message>
</record>
<record>
  <date>2025-05-20T13:55:10.118830Z</date>
  <millis>1747749310118</millis>
  <nanos>830000</nanos>
  <sequence>355</sequence>
  <logger>java.awt.mixing.Component</logger>
  <level>FINE</level>
  <class>java.awt.Component</class>
  <method>isMixingNeeded</method>
  <thread>24</thread>
  <message>containing window = fr.tp.inf112.projects.canvas.view.CanvasViewer[frame0,0,25,1440x809,invalid,hidden,layout=java.awt.BorderLayout,title=Viewing Robot factory,resizable,maximized,defaultCloseOperation=HIDE_ON_CLOSE,rootPane=javax.swing.JRootPane[,0,28,1440x781,layout=javax.swing.JRootPane$RootLayout,alignmentX=0.0,alignmentY=0.0,border=,flags=16777673,maximumSize=,minimumSize=,preferredSize=],rootPaneCheckingEnabled=true]; has h/w descendants = false; has l/w descendants = true; disposing = true</message>
</record>
<record>
  <date>2025-05-20T13:55:10.119281Z</date>
  <millis>1747749310119</millis>
  <nanos>281000</nanos>
  <sequence>356</sequence>
  <logger>java.awt.mixing.Container</logger>
  <level>FINE</level>
  <class>java.awt.Container</class>
  <method>mixOnHiding</method>
  <thread>24</thread>
  <message>this = fr.tp.inf112.projects.canvas.view.AnimateMenu[,42,0,89x21,invalid,alignmentX=0.0,alignmentY=0.0,border=com.apple.laf.AquaMenuBorder@520a3426,flags=264,maximumSize=,minimumSize=,preferredSize=,defaultIcon=,disabledIcon=,disabledSelectedIcon=,margin=javax.swing.plaf.InsetsUIResource[top=0,left=0,bottom=0,right=0],paintBorder=false,paintFocus=false,pressedIcon=,rolloverEnabled=false,rolloverIcon=,rolloverSelectedIcon=,selectedIcon=,text=Animation]; isLightweight=true</message>
</record>
<record>
  <date>2025-05-20T13:55:10.119675Z</date>
  <millis>1747749310119</millis>
  <nanos>675000</nanos>
  <sequence>357</sequence>
  <logger>java.awt.mixing.Component</logger>
  <level>FINE</level>
  <class>java.awt.Component</class>
  <method>mixOnHiding</method>
  <thread>24</thread>
  <message>this = fr.tp.inf112.projects.canvas.view.AnimateMenu[,42,0,89x21,invalid,alignmentX=0.0,alignmentY=0.0,border=com.apple.laf.AquaMenuBorder@520a3426,flags=264,maximumSize=,minimumSize=,preferredSize=,defaultIcon=,disabledIcon=,disabledSelectedIcon=,margin=javax.swing.plaf.InsetsUIResource[top=0,left=0,bottom=0,right=0],paintBorder=false,paintFocus=false,pressedIcon=,rolloverEnabled=false,rolloverIcon=,rolloverSelectedIcon=,selectedIcon=,text=Animation]; isLightweight = true</message>
</record>
<record>
  <date>2025-05-20T13:55:10.120047Z</date>
  <millis>1747749310120</millis>
  <nanos>47000</nanos>
  <sequence>358</sequence>
  <logger>java.awt.mixing.Component</logger>
  <level>FINE</level>
  <class>java.awt.Component</class>
  <method>isMixingNeeded</method>
  <thread>24</thread>
  <message>containing window = fr.tp.inf112.projects.canvas.view.CanvasViewer[frame0,0,25,1440x809,invalid,hidden,layout=java.awt.BorderLayout,title=Viewing Robot factory,resizable,maximized,defaultCloseOperation=HIDE_ON_CLOSE,rootPane=javax.swing.JRootPane[,0,28,1440x781,layout=javax.swing.JRootPane$RootLayout,alignmentX=0.0,alignmentY=0.0,border=,flags=16777673,maximumSize=,minimumSize=,preferredSize=],rootPaneCheckingEnabled=true]; has h/w descendants = false; has l/w descendants = true; disposing = true</message>
</record>
<record>
  <date>2025-05-20T13:55:10.120601Z</date>
  <millis>1747749310120</millis>
  <nanos>601000</nanos>
  <sequence>359</sequence>
  <logger>java.awt.mixing.Container</logger>
  <level>FINE</level>
  <class>java.awt.Container</class>
  <method>mixOnHiding</method>
  <thread>24</thread>
  <message>this = fr.tp.inf112.projects.canvas.view.FileMenu[,0,0,42x21,invalid,alignmentX=0.0,alignmentY=0.0,border=com.apple.laf.AquaMenuBorder@520a3426,flags=264,maximumSize=,minimumSize=,preferredSize=,defaultIcon=,disabledIcon=,disabledSelectedIcon=,margin=javax.swing.plaf.InsetsUIResource[top=0,left=0,bottom=0,right=0],paintBorder=false,paintFocus=false,pressedIcon=,rolloverEnabled=false,rolloverIcon=,rolloverSelectedIcon=,selectedIcon=,text=File]; isLightweight=true</message>
</record>
<record>
  <date>2025-05-20T13:55:10.121059Z</date>
  <millis>1747749310121</millis>
  <nanos>59000</nanos>
  <sequence>360</sequence>
  <logger>java.awt.mixing.Component</logger>
  <level>FINE</level>
  <class>java.awt.Component</class>
  <method>mixOnHiding</method>
  <thread>24</thread>
  <message>this = fr.tp.inf112.projects.canvas.view.FileMenu[,0,0,42x21,invalid,alignmentX=0.0,alignmentY=0.0,border=com.apple.laf.AquaMenuBorder@520a3426,flags=264,maximumSize=,minimumSize=,preferredSize=,defaultIcon=,disabledIcon=,disabledSelectedIcon=,margin=javax.swing.plaf.InsetsUIResource[top=0,left=0,bottom=0,right=0],paintBorder=false,paintFocus=false,pressedIcon=,rolloverEnabled=false,rolloverIcon=,rolloverSelectedIcon=,selectedIcon=,text=File]; isLightweight = true</message>
</record>
<record>
  <date>2025-05-20T13:55:10.121414Z</date>
  <millis>1747749310121</millis>
  <nanos>414000</nanos>
  <sequence>361</sequence>
  <logger>java.awt.mixing.Component</logger>
  <level>FINE</level>
  <class>java.awt.Component</class>
  <method>isMixingNeeded</method>
  <thread>24</thread>
  <message>containing window = fr.tp.inf112.projects.canvas.view.CanvasViewer[frame0,0,25,1440x809,invalid,hidden,layout=java.awt.BorderLayout,title=Viewing Robot factory,resizable,maximized,defaultCloseOperation=HIDE_ON_CLOSE,rootPane=javax.swing.JRootPane[,0,28,1440x781,layout=javax.swing.JRootPane$RootLayout,alignmentX=0.0,alignmentY=0.0,border=,flags=16777673,maximumSize=,minimumSize=,preferredSize=],rootPaneCheckingEnabled=true]; has h/w descendants = false; has l/w descendants = true; disposing = true</message>
</record>
<record>
  <date>2025-05-20T13:55:10.122156Z</date>
  <millis>1747749310122</millis>
  <nanos>156000</nanos>
  <sequence>362</sequence>
  <logger>java.awt.mixing.Container</logger>
  <level>FINE</level>
  <class>java.awt.Container</class>
  <method>mixOnHiding</method>
  <thread>24</thread>
  <message>this = fr.tp.inf112.projects.canvas.view.CanvasViewerMenuBar[,0,0,1440x22,invalid,layout=javax.swing.plaf.basic.DefaultMenuLayout,alignmentX=0.0,alignmentY=0.0,border=com.apple.laf.AquaMenuBarBorder@6536e911,flags=392,maximumSize=,minimumSize=,preferredSize=,margin=,paintBorder=true]; isLightweight=true</message>
</record>
<record>
  <date>2025-05-20T13:55:10.122517Z</date>
  <millis>1747749310122</millis>
  <nanos>517000</nanos>
  <sequence>363</sequence>
  <logger>java.awt.mixing.Component</logger>
  <level>FINE</level>
  <class>java.awt.Component</class>
  <method>mixOnHiding</method>
  <thread>24</thread>
  <message>this = fr.tp.inf112.projects.canvas.view.CanvasViewerMenuBar[,0,0,1440x22,invalid,layout=javax.swing.plaf.basic.DefaultMenuLayout,alignmentX=0.0,alignmentY=0.0,border=com.apple.laf.AquaMenuBarBorder@6536e911,flags=392,maximumSize=,minimumSize=,preferredSize=,margin=,paintBorder=true]; isLightweight = true</message>
</record>
<record>
  <date>2025-05-20T13:55:10.123057Z</date>
  <millis>1747749310123</millis>
  <nanos>57000</nanos>
  <sequence>364</sequence>
  <logger>java.awt.mixing.Component</logger>
  <level>FINE</level>
  <class>java.awt.Component</class>
  <method>isMixingNeeded</method>
  <thread>24</thread>
  <message>containing window = fr.tp.inf112.projects.canvas.view.CanvasViewer[frame0,0,25,1440x809,invalid,hidden,layout=java.awt.BorderLayout,title=Viewing Robot factory,resizable,maximized,defaultCloseOperation=HIDE_ON_CLOSE,rootPane=javax.swing.JRootPane[,0,28,1440x781,layout=javax.swing.JRootPane$RootLayout,alignmentX=0.0,alignmentY=0.0,border=,flags=16777673,maximumSize=,minimumSize=,preferredSize=],rootPaneCheckingEnabled=true]; has h/w descendants = false; has l/w descendants = true; disposing = true</message>
</record>
<record>
  <date>2025-05-20T13:55:10.123672Z</date>
  <millis>1747749310123</millis>
  <nanos>672000</nanos>
  <sequence>365</sequence>
  <logger>java.awt.mixing.Container</logger>
  <level>FINE</level>
  <class>java.awt.Container</class>
  <method>mixOnHiding</method>
  <thread>24</thread>
  <message>this = javax.swing.JLayeredPane[null.layeredPane,0,0,1440x781,invalid,alignmentX=0.0,alignmentY=0.0,border=,flags=0,maximumSize=,minimumSize=,preferredSize=,optimizedDrawingPossible=true]; isLightweight=true</message>
</record>
<record>
  <date>2025-05-20T13:55:10.124556Z</date>
  <millis>1747749310124</millis>
  <nanos>556000</nanos>
  <sequence>366</sequence>
  <logger>java.awt.mixing.Component</logger>
  <level>FINE</level>
  <class>java.awt.Component</class>
  <method>mixOnHiding</method>
  <thread>24</thread>
  <message>this = javax.swing.JLayeredPane[null.layeredPane,0,0,1440x781,invalid,alignmentX=0.0,alignmentY=0.0,border=,flags=0,maximumSize=,minimumSize=,preferredSize=,optimizedDrawingPossible=true]; isLightweight = true</message>
</record>
<record>
  <date>2025-05-20T13:55:10.124992Z</date>
  <millis>1747749310124</millis>
  <nanos>992000</nanos>
  <sequence>367</sequence>
  <logger>java.awt.mixing.Component</logger>
  <level>FINE</level>
  <class>java.awt.Component</class>
  <method>isMixingNeeded</method>
  <thread>24</thread>
  <message>containing window = fr.tp.inf112.projects.canvas.view.CanvasViewer[frame0,0,25,1440x809,invalid,hidden,layout=java.awt.BorderLayout,title=Viewing Robot factory,resizable,maximized,defaultCloseOperation=HIDE_ON_CLOSE,rootPane=javax.swing.JRootPane[,0,28,1440x781,layout=javax.swing.JRootPane$RootLayout,alignmentX=0.0,alignmentY=0.0,border=,flags=16777673,maximumSize=,minimumSize=,preferredSize=],rootPaneCheckingEnabled=true]; has h/w descendants = false; has l/w descendants = true; disposing = true</message>
</record>
<record>
  <date>2025-05-20T13:55:10.125274Z</date>
  <millis>1747749310125</millis>
  <nanos>274000</nanos>
  <sequence>368</sequence>
  <logger>java.awt.mixing.Container</logger>
  <level>FINE</level>
  <class>java.awt.Container</class>
  <method>mixOnHiding</method>
  <thread>24</thread>
  <message>this = javax.swing.JPanel[null.glassPane,0,0,1440x781,invalid,hidden,layout=java.awt.FlowLayout,alignmentX=0.0,alignmentY=0.0,border=,flags=16777217,maximumSize=,minimumSize=,preferredSize=]; isLightweight=true</message>
</record>
<record>
  <date>2025-05-20T13:55:10.125437Z</date>
  <millis>1747749310125</millis>
  <nanos>437000</nanos>
  <sequence>369</sequence>
  <logger>java.awt.mixing.Component</logger>
  <level>FINE</level>
  <class>java.awt.Component</class>
  <method>mixOnHiding</method>
  <thread>24</thread>
  <message>this = javax.swing.JPanel[null.glassPane,0,0,1440x781,invalid,hidden,layout=java.awt.FlowLayout,alignmentX=0.0,alignmentY=0.0,border=,flags=16777217,maximumSize=,minimumSize=,preferredSize=]; isLightweight = true</message>
</record>
<record>
  <date>2025-05-20T13:55:10.125586Z</date>
  <millis>1747749310125</millis>
  <nanos>586000</nanos>
  <sequence>370</sequence>
  <logger>java.awt.mixing.Component</logger>
  <level>FINE</level>
  <class>java.awt.Component</class>
  <method>isMixingNeeded</method>
  <thread>24</thread>
  <message>containing window = fr.tp.inf112.projects.canvas.view.CanvasViewer[frame0,0,25,1440x809,invalid,hidden,layout=java.awt.BorderLayout,title=Viewing Robot factory,resizable,maximized,defaultCloseOperation=HIDE_ON_CLOSE,rootPane=javax.swing.JRootPane[,0,28,1440x781,layout=javax.swing.JRootPane$RootLayout,alignmentX=0.0,alignmentY=0.0,border=,flags=16777673,maximumSize=,minimumSize=,preferredSize=],rootPaneCheckingEnabled=true]; has h/w descendants = false; has l/w descendants = true; disposing = true</message>
</record>
<record>
  <date>2025-05-20T13:55:10.125802Z</date>
  <millis>1747749310125</millis>
  <nanos>802000</nanos>
  <sequence>371</sequence>
  <logger>java.awt.mixing.Container</logger>
  <level>FINE</level>
  <class>java.awt.Container</class>
  <method>mixOnHiding</method>
  <thread>24</thread>
  <message>this = javax.swing.JRootPane[,0,28,1440x781,invalid,layout=javax.swing.JRootPane$RootLayout,alignmentX=0.0,alignmentY=0.0,border=,flags=16777673,maximumSize=,minimumSize=,preferredSize=]; isLightweight=true</message>
</record>
<record>
  <date>2025-05-20T13:55:10.125972Z</date>
  <millis>1747749310125</millis>
  <nanos>972000</nanos>
  <sequence>372</sequence>
  <logger>java.awt.mixing.Component</logger>
  <level>FINE</level>
  <class>java.awt.Component</class>
  <method>mixOnHiding</method>
  <thread>24</thread>
  <message>this = javax.swing.JRootPane[,0,28,1440x781,invalid,layout=javax.swing.JRootPane$RootLayout,alignmentX=0.0,alignmentY=0.0,border=,flags=16777673,maximumSize=,minimumSize=,preferredSize=]; isLightweight = true</message>
</record>
<record>
  <date>2025-05-20T13:55:10.126091Z</date>
  <millis>1747749310126</millis>
  <nanos>91000</nanos>
  <sequence>373</sequence>
  <logger>java.awt.mixing.Component</logger>
  <level>FINE</level>
  <class>java.awt.Component</class>
  <method>isMixingNeeded</method>
  <thread>24</thread>
  <message>this = javax.swing.JRootPane[,0,28,1440x781,invalid,layout=javax.swing.JRootPane$RootLayout,alignmentX=0.0,alignmentY=0.0,border=,flags=16777673,maximumSize=,minimumSize=,preferredSize=]; areBoundsValid = false</message>
</record>
<record>
  <date>2025-05-20T13:55:10.126938Z</date>
  <millis>1747749310126</millis>
  <nanos>938000</nanos>
  <sequence>374</sequence>
  <logger>java.awt.mixing.Container</logger>
  <level>FINE</level>
  <class>java.awt.Container</class>
  <method>mixOnHiding</method>
  <thread>24</thread>
  <message>this = fr.tp.inf112.projects.canvas.view.CanvasViewer[frame0,0,25,1440x809,invalid,hidden,layout=java.awt.BorderLayout,title=Viewing Robot factory,resizable,maximized,defaultCloseOperation=HIDE_ON_CLOSE,rootPane=javax.swing.JRootPane[,0,28,1440x781,invalid,layout=javax.swing.JRootPane$RootLayout,alignmentX=0.0,alignmentY=0.0,border=,flags=16777673,maximumSize=,minimumSize=,preferredSize=],rootPaneCheckingEnabled=true]; isLightweight=false</message>
</record>
<record>
  <date>2025-05-20T13:55:10.127440Z</date>
  <millis>1747749310127</millis>
  <nanos>440000</nanos>
  <sequence>375</sequence>
  <logger>java.awt.mixing.Component</logger>
  <level>FINE</level>
  <class>java.awt.Component</class>
  <method>mixOnHiding</method>
  <thread>24</thread>
  <message>this = fr.tp.inf112.projects.canvas.view.CanvasViewer[frame0,0,25,1440x809,invalid,hidden,layout=java.awt.BorderLayout,title=Viewing Robot factory,resizable,maximized,defaultCloseOperation=HIDE_ON_CLOSE,rootPane=javax.swing.JRootPane[,0,28,1440x781,invalid,layout=javax.swing.JRootPane$RootLayout,alignmentX=0.0,alignmentY=0.0,border=,flags=16777673,maximumSize=,minimumSize=,preferredSize=],rootPaneCheckingEnabled=true]; isLightweight = false</message>
</record>
<record>
  <date>2025-05-20T13:55:10.127967Z</date>
  <millis>1747749310127</millis>
  <nanos>967000</nanos>
  <sequence>376</sequence>
  <logger>java.awt.mixing.Component</logger>
  <level>FINE</level>
  <class>java.awt.Component</class>
  <method>isMixingNeeded</method>
  <thread>24</thread>
  <message>containing window = fr.tp.inf112.projects.canvas.view.CanvasViewer[frame0,0,25,1440x809,invalid,hidden,layout=java.awt.BorderLayout,title=Viewing Robot factory,resizable,maximized,defaultCloseOperation=HIDE_ON_CLOSE,rootPane=javax.swing.JRootPane[,0,28,1440x781,invalid,layout=javax.swing.JRootPane$RootLayout,alignmentX=0.0,alignmentY=0.0,border=,flags=16777673,maximumSize=,minimumSize=,preferredSize=],rootPaneCheckingEnabled=true]; has h/w descendants = false; has l/w descendants = false; disposing = true</message>
</record>
<record>
  <date>2025-05-20T13:55:10.129383Z</date>
  <millis>1747749310129</millis>
  <nanos>383000</nanos>
  <sequence>377</sequence>
  <logger>java.lang.Runtime</logger>
  <level>FINE</level>
  <class>java.lang.Shutdown</class>
  <method>logRuntimeExit</method>
  <thread>24</thread>
  <message>Runtime.exit() called with status: 0</message>
  <exception>
    <message>java.lang.Throwable: Runtime.exit(0)</message>
    <frame>
      <class>java.lang.Shutdown</class>
      <method>logRuntimeExit</method>
      <line>179</line>
    </frame>
    <frame>
      <class>java.lang.Shutdown</class>
      <method>exit</method>
      <line>160</line>
    </frame>
    <frame>
      <class>java.lang.Runtime</class>
      <method>exit</method>
      <line>188</line>
    </frame>
    <frame>
      <class>java.lang.System</class>
      <method>exit</method>
      <line>1920</line>
    </frame>
    <frame>
      <class>javax.swing.JFrame</class>
      <method>processWindowEvent</method>
      <line>311</line>
    </frame>
    <frame>
      <class>java.awt.Window</class>
      <method>processEvent</method>
      <line>2044</line>
    </frame>
    <frame>
      <class>java.awt.Component</class>
      <method>dispatchEventImpl</method>
      <line>4996</line>
    </frame>
    <frame>
      <class>java.awt.Container</class>
      <method>dispatchEventImpl</method>
      <line>2324</line>
    </frame>
    <frame>
      <class>java.awt.Window</class>
      <method>dispatchEventImpl</method>
      <line>2780</line>
    </frame>
    <frame>
      <class>java.awt.Component</class>
      <method>dispatchEvent</method>
      <line>4828</line>
    </frame>
    <frame>
      <class>java.awt.EventQueue</class>
      <method>dispatchEventImpl</method>
      <line>775</line>
    </frame>
    <frame>
      <class>java.awt.EventQueue$4</class>
      <method>run</method>
      <line>720</line>
    </frame>
    <frame>
      <class>java.awt.EventQueue$4</class>
      <method>run</method>
      <line>714</line>
    </frame>
    <frame>
      <class>java.security.AccessController</class>
      <method>doPrivileged</method>
      <line>400</line>
    </frame>
    <frame>
      <class>java.security.ProtectionDomain$JavaSecurityAccessImpl</class>
      <method>doIntersectionPrivilege</method>
      <line>87</line>
    </frame>
    <frame>
      <class>java.security.ProtectionDomain$JavaSecurityAccessImpl</class>
      <method>doIntersectionPrivilege</method>
      <line>98</line>
    </frame>
    <frame>
      <class>java.awt.EventQueue$5</class>
      <method>run</method>
      <line>747</line>
    </frame>
    <frame>
      <class>java.awt.EventQueue$5</class>
      <method>run</method>
      <line>745</line>
    </frame>
    <frame>
      <class>java.security.AccessController</class>
      <method>doPrivileged</method>
      <line>400</line>
    </frame>
    <frame>
      <class>java.security.ProtectionDomain$JavaSecurityAccessImpl</class>
      <method>doIntersectionPrivilege</method>
      <line>87</line>
    </frame>
    <frame>
      <class>java.awt.EventQueue</class>
      <method>dispatchEvent</method>
      <line>744</line>
    </frame>
    <frame>
      <class>java.awt.EventDispatchThread</class>
      <method>pumpOneEventForFilters</method>
      <line>203</line>
    </frame>
    <frame>
      <class>java.awt.EventDispatchThread</class>
      <method>pumpEventsForFilter</method>
      <line>124</line>
    </frame>
    <frame>
      <class>java.awt.EventDispatchThread</class>
      <method>pumpEventsForHierarchy</method>
      <line>113</line>
    </frame>
    <frame>
      <class>java.awt.EventDispatchThread</class>
      <method>pumpEvents</method>
      <line>109</line>
    </frame>
    <frame>
      <class>java.awt.EventDispatchThread</class>
      <method>pumpEvents</method>
      <line>101</line>
    </frame>
    <frame>
      <class>java.awt.EventDispatchThread</class>
      <method>run</method>
      <line>90</line>
    </frame>
  </exception>
</record>
</log>
